<?xml version="1.0" encoding="UTF-8"?>
<testsuites name="Apply Leave" time="1765.333" tests="59" failures="6" errors="0">
   <testsuite name="Apply Leave" tests="59" failures="6" errors="0" time="1765.333" skipped="0" timestamp="2021-08-19 21:32:08" hostname="nguye - 192.168.1.9" id="Test Suites/Apply Leave">
      <properties>
[...]
</properties>
      <testcase name="Test Cases/Login Successfully" time="10.461" classname="Test Cases/Login Successfully" status="PASSED">
         <system-out><![CDATA[2021-08-19 21:32:08 - [TEST_CASE][PASSED] - Test Cases/Login Successfully: Test Cases/Login Successfully

2021-08-19 21:32:09 - [TEST_STEP][PASSED] - openBrowser(""): Browser is opened with url: ''

2021-08-19 21:32:10 - [MESSAGE][INFO] - Starting 'Chrome' driver

2021-08-19 21:32:10 - [MESSAGE][INFO] - Action delay is set to 0 milliseconds

2021-08-19 21:32:13 - [MESSAGE][PASSED] - Browser is opened with url: ''

2021-08-19 21:32:13 - [TEST_STEP][PASSED] - navigateToUrl("http://localhost/orangehrm/symfony/web/index.php/auth/login"): Navigate to 'http://localhost/orangehrm/symfony/web/index.php/auth/login' successfully

2021-08-19 21:32:14 - [MESSAGE][PASSED] - Navigate to 'http://localhost/orangehrm/symfony/web/index.php/auth/login' successfully

2021-08-19 21:32:14 - [TEST_STEP][PASSED] - setText(findTestObject("Object Repository/Apply Leave/Page_OrangeHRM/input_LOGIN Panel_txtUsername"), username): Text 'katyperry' is set on object 'Object Repository/Apply Leave/Page_OrangeHRM/input_LOGIN Panel_txtUsername'

2021-08-19 21:32:15 - [MESSAGE][PASSED] - Text 'katyperry' is set on object 'Object Repository/Apply Leave/Page_OrangeHRM/input_LOGIN Panel_txtUsername'

2021-08-19 21:32:15 - [TEST_STEP][PASSED] - setEncryptedText(findTestObject("Object Repository/Apply Leave/Page_OrangeHRM/input_Username_txtPassword"), password): Text ****** has been set on object 'Object Repository/Apply Leave/Page_OrangeHRM/input_Username_txtPassword'

2021-08-19 21:32:15 - [MESSAGE][PASSED] - Text ****** has been set on object 'Object Repository/Apply Leave/Page_OrangeHRM/input_Username_txtPassword'

2021-08-19 21:32:15 - [TEST_STEP][PASSED] - click(findTestObject("Object Repository/Apply Leave/Page_OrangeHRM/input_Password_Submit")): Object: 'Object Repository/Apply Leave/Page_OrangeHRM/input_Password_Submit' is clicked on

2021-08-19 21:32:17 - [MESSAGE][PASSED] - Object: 'Object Repository/Apply Leave/Page_OrangeHRM/input_Password_Submit' is clicked on]]></system-out>
         <system-err><![CDATA[]]></system-err>
      </testcase>
      <testcase name="Test Cases/Apply Leave" time="22.98" classname="Test Cases/Apply Leave" status="PASSED">
         <system-out><![CDATA[2021-08-19 21:32:19 - [TEST_CASE][PASSED] - Test Cases/Apply Leave: Test Cases/Apply Leave

2021-08-19 21:32:20 - [TEST_STEP][PASSED] - com.database.mysql.connectDB("localhost", "orangehrm_mysql", "3306", "root", null): com.database.mysql.connectDB is PASSED

2021-08-19 21:32:20 - [MESSAGE][PASSED] - com.database.mysql.connectDB is PASSED

2021-08-19 21:32:20 - [TEST_STEP][PASSED] - com.database.mysql.execute("DELETE FROM `ohrm_leave_request` WHERE `emp_number`=3 AND `date_applied`='2021-09-02' AND `leave_type_id` = 3"): com.database.mysql.execute is PASSED

2021-08-19 21:32:20 - [MESSAGE][PASSED] - com.database.mysql.execute is PASSED

2021-08-19 21:32:20 - [TEST_STEP][PASSED] - com.database.mysql.execute("DELETE FROM `ohrm_leave` WHERE `emp_number` = 3 AND `leave_type_id`=3 and (`date`='2021-09-02' or `date`='2021-09-03') "): com.database.mysql.execute is PASSED

2021-08-19 21:32:20 - [MESSAGE][PASSED] - com.database.mysql.execute is PASSED

2021-08-19 21:32:20 - [TEST_STEP][PASSED] - com.database.mysql.closeDatabaseConnection(): com.database.mysql.closeDatabaseConnection is PASSED

2021-08-19 21:32:20 - [MESSAGE][PASSED] - com.database.mysql.closeDatabaseConnection is PASSED

2021-08-19 21:32:20 - [TEST_STEP][PASSED] - navigateToUrl("http://localhost/orangehrm/symfony/web/index.php/dashboard"): Navigate to 'http://localhost/orangehrm/symfony/web/index.php/dashboard' successfully

2021-08-19 21:32:21 - [MESSAGE][PASSED] - Navigate to 'http://localhost/orangehrm/symfony/web/index.php/dashboard' successfully

2021-08-19 21:32:21 - [TEST_STEP][PASSED] - click(findTestObject("Object Repository/Apply Leave/Page_OrangeHRM/img")): Object: 'Object Repository/Apply Leave/Page_OrangeHRM/img' is clicked on

2021-08-19 21:32:22 - [MESSAGE][PASSED] - Object: 'Object Repository/Apply Leave/Page_OrangeHRM/img' is clicked on

2021-08-19 21:32:22 - [TEST_STEP][PASSED] - selectOptionByValue(findTestObject("Object Repository/Apply Leave/Page_OrangeHRM/select_--Select--MarriageMaternityPersonalS_480ad7"), "3", true): All options with value '3' are selected in object 'Object Repository/Apply Leave/Page_OrangeHRM/select_--Select--MarriageMaternityPersonalS_480ad7'  using regular expression

2021-08-19 21:32:23 - [MESSAGE][PASSED] - All options with value '3' are selected in object 'Object Repository/Apply Leave/Page_OrangeHRM/select_--Select--MarriageMaternityPersonalS_480ad7'  using regular expression

2021-08-19 21:32:23 - [TEST_STEP][PASSED] - setText(findTestObject("Object Repository/Apply Leave/Page_OrangeHRM/input__applyleavetxtFromDate"), from): Text '2021-09-02' is set on object 'Object Repository/Apply Leave/Page_OrangeHRM/input__applyleavetxtFromDate'

2021-08-19 21:32:25 - [MESSAGE][PASSED] - Text '2021-09-02' is set on object 'Object Repository/Apply Leave/Page_OrangeHRM/input__applyleavetxtFromDate'

2021-08-19 21:32:25 - [TEST_STEP][PASSED] - sendKeys(findTestObject("Object Repository/Apply Leave/Page_OrangeHRM/input__applyleavetxtFromDate"), Keys.chord(ENTER)): Keys 'ENTER + ' sent to object: 'Object Repository/Apply Leave/Page_OrangeHRM/input__applyleavetxtFromDate'

2021-08-19 21:32:25 - [MESSAGE][PASSED] - Keys 'ENTER + ' sent to object: 'Object Repository/Apply Leave/Page_OrangeHRM/input__applyleavetxtFromDate'

2021-08-19 21:32:25 - [TEST_STEP][PASSED] - setText(findTestObject("Object Repository/Apply Leave/Page_OrangeHRM/input__applyleavetxtToDate"), to): Text '2021-09-02' is set on object 'Object Repository/Apply Leave/Page_OrangeHRM/input__applyleavetxtToDate'

2021-08-19 21:32:27 - [MESSAGE][PASSED] - Text '2021-09-02' is set on object 'Object Repository/Apply Leave/Page_OrangeHRM/input__applyleavetxtToDate'

2021-08-19 21:32:27 - [TEST_STEP][PASSED] - sendKeys(findTestObject("Object Repository/Apply Leave/Page_OrangeHRM/input__applyleavetxtToDate"), Keys.chord(ENTER)): Keys 'ENTER + ' sent to object: 'Object Repository/Apply Leave/Page_OrangeHRM/input__applyleavetxtToDate'

2021-08-19 21:32:27 - [MESSAGE][PASSED] - Keys 'ENTER + ' sent to object: 'Object Repository/Apply Leave/Page_OrangeHRM/input__applyleavetxtToDate'

2021-08-19 21:32:27 - [TEST_STEP][PASSED] - if (from.equals(to)): null

2021-08-19 21:32:27 - [TEST_STEP][PASSED] - selectOptionByValue(findTestObject("Object Repository/Apply Leave/Page_OrangeHRM/select_Full DayHalf DaySpecify Time"), duration1, true): All options with value 'full_day' are selected in object 'Object Repository/Apply Leave/Page_OrangeHRM/select_Full DayHalf DaySpecify Time'  using regular expression

2021-08-19 21:32:28 - [MESSAGE][PASSED] - All options with value 'full_day' are selected in object 'Object Repository/Apply Leave/Page_OrangeHRM/select_Full DayHalf DaySpecify Time'  using regular expression

2021-08-19 21:32:28 - [TEST_STEP][PASSED] - if (duration1.equals("half_day")): null

2021-08-19 21:32:28 - [TEST_STEP][PASSED] - if (duration1.equals("specify_time")): null

2021-08-19 21:32:28 - [TEST_STEP][PASSED] - scrollToElement(findTestObject("Apply Leave/Page_OrangeHRM/input__applyBtn"), 0): Scroll to object 'Object Repository/Apply Leave/Page_OrangeHRM/input__applyBtn' successfully

2021-08-19 21:32:29 - [MESSAGE][WARNING] - Timeout '0' is invalid. Using default page load timeout: '30'

2021-08-19 21:32:29 - [MESSAGE][PASSED] - Scroll to object 'Object Repository/Apply Leave/Page_OrangeHRM/input__applyBtn' successfully

2021-08-19 21:32:29 - [TEST_STEP][PASSED] - takeScreenshot(): Taking screenshot successfully

2021-08-19 21:32:29 - [MESSAGE][PASSED] - Taking screenshot successfully
[[ATTACHMENT|C:\\Users\\nguye\\Katalon Studio\\OrangeHRM\\Reports\\20210819_213101\\Apply Leave\\20210819_213101\\1629383549567.png]]

2021-08-19 21:32:29 - [TEST_STEP][PASSED] - click(findTestObject("Object Repository/Apply Leave/Page_OrangeHRM/input__applyBtn")): Object: 'Object Repository/Apply Leave/Page_OrangeHRM/input__applyBtn' is clicked on

2021-08-19 21:32:30 - [MESSAGE][PASSED] - Object: 'Object Repository/Apply Leave/Page_OrangeHRM/input__applyBtn' is clicked on

2021-08-19 21:32:30 - [TEST_STEP][PASSED] - navigateToUrl("http://localhost/orangehrm/symfony/web/index.php/leave/viewMyLeaveList/reset/1"): Navigate to 'http://localhost/orangehrm/symfony/web/index.php/leave/viewMyLeaveList/reset/1' successfully

2021-08-19 21:32:31 - [MESSAGE][PASSED] - Navigate to 'http://localhost/orangehrm/symfony/web/index.php/leave/viewMyLeaveList/reset/1' successfully

2021-08-19 21:32:31 - [TEST_STEP][PASSED] - setText(findTestObject("Object Repository/Apply Leave/Page_OrangeHRM/input_From_leaveListcalFromDate"), from): Text '2021-09-02' is set on object 'Object Repository/Apply Leave/Page_OrangeHRM/input_From_leaveListcalFromDate'

2021-08-19 21:32:32 - [MESSAGE][PASSED] - Text '2021-09-02' is set on object 'Object Repository/Apply Leave/Page_OrangeHRM/input_From_leaveListcalFromDate'

2021-08-19 21:32:32 - [TEST_STEP][PASSED] - sendKeys(findTestObject("Object Repository/Apply Leave/Page_OrangeHRM/input_From_leaveListcalFromDate"), Keys.chord(ENTER)): Keys 'ENTER + ' sent to object: 'Object Repository/Apply Leave/Page_OrangeHRM/input_From_leaveListcalFromDate'

2021-08-19 21:32:33 - [MESSAGE][PASSED] - Keys 'ENTER + ' sent to object: 'Object Repository/Apply Leave/Page_OrangeHRM/input_From_leaveListcalFromDate'

2021-08-19 21:32:33 - [TEST_STEP][PASSED] - setText(findTestObject("Object Repository/Apply Leave/Page_OrangeHRM/input_To_leaveListcalToDate"), to): Text '2021-09-02' is set on object 'Object Repository/Apply Leave/Page_OrangeHRM/input_To_leaveListcalToDate'

2021-08-19 21:32:34 - [MESSAGE][PASSED] - Text '2021-09-02' is set on object 'Object Repository/Apply Leave/Page_OrangeHRM/input_To_leaveListcalToDate'

2021-08-19 21:32:34 - [TEST_STEP][PASSED] - sendKeys(findTestObject("Object Repository/Apply Leave/Page_OrangeHRM/input_To_leaveListcalToDate"), Keys.chord(ENTER)): Keys 'ENTER + ' sent to object: 'Object Repository/Apply Leave/Page_OrangeHRM/input_To_leaveListcalToDate'

2021-08-19 21:32:34 - [MESSAGE][PASSED] - Keys 'ENTER + ' sent to object: 'Object Repository/Apply Leave/Page_OrangeHRM/input_To_leaveListcalToDate'

2021-08-19 21:32:34 - [TEST_STEP][PASSED] - uncheck(findTestObject("Object Repository/Apply Leave/Page_OrangeHRM/input_All_leaveList_chkSearchFilter_checkbo_a698f3")): Object 'Object Repository/Apply Leave/Page_OrangeHRM/input_All_leaveList_chkSearchFilter_checkbo_a698f3' is un-checked

2021-08-19 21:32:35 - [MESSAGE][PASSED] - Object 'Object Repository/Apply Leave/Page_OrangeHRM/input_All_leaveList_chkSearchFilter_checkbo_a698f3' is un-checked

2021-08-19 21:32:35 - [TEST_STEP][PASSED] - check(findTestObject("Object Repository/Apply Leave/Page_OrangeHRM/input_Pending Approval_leaveListchkSearchFilter")): Object 'Object Repository/Apply Leave/Page_OrangeHRM/input_Pending Approval_leaveListchkSearchFilter' is checked

2021-08-19 21:32:35 - [MESSAGE][PASSED] - Object 'Object Repository/Apply Leave/Page_OrangeHRM/input_Pending Approval_leaveListchkSearchFilter' is checked

2021-08-19 21:32:35 - [TEST_STEP][PASSED] - click(findTestObject("Object Repository/Apply Leave/Page_OrangeHRM/input_Taken_btnSearch")): Object: 'Object Repository/Apply Leave/Page_OrangeHRM/input_Taken_btnSearch' is clicked on

2021-08-19 21:32:36 - [MESSAGE][PASSED] - Object: 'Object Repository/Apply Leave/Page_OrangeHRM/input_Taken_btnSearch' is clicked on

2021-08-19 21:32:36 - [TEST_STEP][PASSED] - scrollToElement(findTestObject("Apply Leave/Page_OrangeHRM/th_Date"), 0): Scroll to object 'Object Repository/Apply Leave/Page_OrangeHRM/th_Date' successfully

2021-08-19 21:32:36 - [MESSAGE][WARNING] - Timeout '0' is invalid. Using default page load timeout: '30'

2021-08-19 21:32:37 - [MESSAGE][PASSED] - Scroll to object 'Object Repository/Apply Leave/Page_OrangeHRM/th_Date' successfully

2021-08-19 21:32:37 - [TEST_STEP][PASSED] - takeScreenshot(): Taking screenshot successfully

2021-08-19 21:32:38 - [MESSAGE][PASSED] - Taking screenshot successfully
[[ATTACHMENT|C:\\Users\\nguye\\Katalon Studio\\OrangeHRM\\Reports\\20210819_213101\\Apply Leave\\20210819_213101\\1629383557900.png]]

2021-08-19 21:32:38 - [TEST_STEP][PASSED] - if (days.equals("")): null

2021-08-19 21:32:38 - [TEST_STEP][PASSED] - else: Actual text 'Pending Approval(1.00)' and expected text 'Pending Approval(1.00)' are matched 

2021-08-19 21:32:38 - [TEST_STEP][PASSED] - verifyMatch(getText(findTestObject("Object Repository/Apply Leave/Page_OrangeHRM/a_2021-09-02 to 2021-09-03")), date, false, STOP_ON_FAILURE): Actual text '2021-09-02' and expected text '2021-09-02' are matched 

2021-08-19 21:32:38 - [MESSAGE][PASSED] - Text of object 'Object Repository/Apply Leave/Page_OrangeHRM/a_2021-09-02 to 2021-09-03' is: '2021-09-02'

2021-08-19 21:32:38 - [MESSAGE][PASSED] - Actual text '2021-09-02' and expected text '2021-09-02' are matched 

2021-08-19 21:32:38 - [TEST_STEP][PASSED] - verifyMatch(getText(findTestObject("Object Repository/Apply Leave/Page_OrangeHRM/a_Rachel Morris")), fullName, false, STOP_ON_FAILURE): Actual text 'Rachel Morris' and expected text 'Rachel Morris' are matched 

2021-08-19 21:32:38 - [MESSAGE][PASSED] - Text of object 'Object Repository/Apply Leave/Page_OrangeHRM/a_Rachel Morris' is: 'Rachel Morris'

2021-08-19 21:32:39 - [MESSAGE][PASSED] - Actual text 'Rachel Morris' and expected text 'Rachel Morris' are matched 

2021-08-19 21:32:39 - [TEST_STEP][PASSED] - verifyMatch(getText(findTestObject("Object Repository/Apply Leave/Page_OrangeHRM/td_Personal")), leaveType, false, STOP_ON_FAILURE): Actual text 'Personal' and expected text 'Personal' are matched 

2021-08-19 21:32:39 - [MESSAGE][PASSED] - Text of object 'Object Repository/Apply Leave/Page_OrangeHRM/td_Personal' is: 'Personal'

2021-08-19 21:32:39 - [MESSAGE][PASSED] - Actual text 'Personal' and expected text 'Personal' are matched 

2021-08-19 21:32:39 - [TEST_STEP][PASSED] - verifyMatch(25"))).toString(), parseDouble(days).toString(), false, STOP_ON_FAILURE): Actual text '49.0' and expected text '49.0' are matched 

2021-08-19 21:32:39 - [MESSAGE][PASSED] - Text of object 'Object Repository/Apply Leave/Page_OrangeHRM/td_49.25' is: '49.00'

2021-08-19 21:32:39 - [MESSAGE][PASSED] - Actual text '49.0' and expected text '49.0' are matched 

2021-08-19 21:32:39 - [TEST_STEP][PASSED] - verifyMatch(getText(findTestObject("Object Repository/Apply Leave/Page_OrangeHRM/td_0.75")), days, false, STOP_ON_FAILURE): Actual text '1.00' and expected text '1.00' are matched 

2021-08-19 21:32:40 - [MESSAGE][PASSED] - Text of object 'Object Repository/Apply Leave/Page_OrangeHRM/td_0.75' is: '1.00'

2021-08-19 21:32:40 - [MESSAGE][PASSED] - Actual text '1.00' and expected text '1.00' are matched 

2021-08-19 21:32:40 - [TEST_STEP][PASSED] - verifyMatch(getText(findTestObject("Object Repository/Apply Leave/Page_OrangeHRM/a_Pending Approval(0.75)")), status + "(" + days + ")", false, STOP_ON_FAILURE): Actual text 'Pending Approval(1.00)' and expected text 'Pending Approval(1.00)' are matched 

2021-08-19 21:32:40 - [MESSAGE][PASSED] - Text of object 'Object Repository/Apply Leave/Page_OrangeHRM/a_Pending Approval(0.75)' is: 'Pending Approval(1.00)'

2021-08-19 21:32:40 - [MESSAGE][PASSED] - Actual text 'Pending Approval(1.00)' and expected text 'Pending Approval(1.00)' are matched]]></system-out>
         <system-err><![CDATA[]]></system-err>
      </testcase>
      <testcase name="Test Cases/Apply Leave" time="21.849" classname="Test Cases/Apply Leave" status="PASSED">
         <system-out><![CDATA[2021-08-19 21:32:42 - [TEST_CASE][PASSED] - Test Cases/Apply Leave: Test Cases/Apply Leave

2021-08-19 21:32:42 - [TEST_STEP][PASSED] - com.database.mysql.connectDB("localhost", "orangehrm_mysql", "3306", "root", null): com.database.mysql.connectDB is PASSED

2021-08-19 21:32:42 - [MESSAGE][PASSED] - com.database.mysql.connectDB is PASSED

2021-08-19 21:32:42 - [TEST_STEP][PASSED] - com.database.mysql.execute("DELETE FROM `ohrm_leave_request` WHERE `emp_number`=3 AND `date_applied`='2021-09-02' AND `leave_type_id` = 3"): com.database.mysql.execute is PASSED

2021-08-19 21:32:42 - [MESSAGE][PASSED] - com.database.mysql.execute is PASSED

2021-08-19 21:32:42 - [TEST_STEP][PASSED] - com.database.mysql.execute("DELETE FROM `ohrm_leave` WHERE `emp_number` = 3 AND `leave_type_id`=3 and (`date`='2021-09-02' or `date`='2021-09-03') "): com.database.mysql.execute is PASSED

2021-08-19 21:32:42 - [MESSAGE][PASSED] - com.database.mysql.execute is PASSED

2021-08-19 21:32:42 - [TEST_STEP][PASSED] - com.database.mysql.closeDatabaseConnection(): com.database.mysql.closeDatabaseConnection is PASSED

2021-08-19 21:32:42 - [MESSAGE][PASSED] - com.database.mysql.closeDatabaseConnection is PASSED

2021-08-19 21:32:42 - [TEST_STEP][PASSED] - navigateToUrl("http://localhost/orangehrm/symfony/web/index.php/dashboard"): Navigate to 'http://localhost/orangehrm/symfony/web/index.php/dashboard' successfully

2021-08-19 21:32:43 - [MESSAGE][PASSED] - Navigate to 'http://localhost/orangehrm/symfony/web/index.php/dashboard' successfully

2021-08-19 21:32:43 - [TEST_STEP][PASSED] - click(findTestObject("Object Repository/Apply Leave/Page_OrangeHRM/img")): Object: 'Object Repository/Apply Leave/Page_OrangeHRM/img' is clicked on

2021-08-19 21:32:44 - [MESSAGE][PASSED] - Object: 'Object Repository/Apply Leave/Page_OrangeHRM/img' is clicked on

2021-08-19 21:32:44 - [TEST_STEP][PASSED] - selectOptionByValue(findTestObject("Object Repository/Apply Leave/Page_OrangeHRM/select_--Select--MarriageMaternityPersonalS_480ad7"), "3", true): All options with value '3' are selected in object 'Object Repository/Apply Leave/Page_OrangeHRM/select_--Select--MarriageMaternityPersonalS_480ad7'  using regular expression

2021-08-19 21:32:45 - [MESSAGE][PASSED] - All options with value '3' are selected in object 'Object Repository/Apply Leave/Page_OrangeHRM/select_--Select--MarriageMaternityPersonalS_480ad7'  using regular expression

2021-08-19 21:32:45 - [TEST_STEP][PASSED] - setText(findTestObject("Object Repository/Apply Leave/Page_OrangeHRM/input__applyleavetxtFromDate"), from): Text '2021-09-02' is set on object 'Object Repository/Apply Leave/Page_OrangeHRM/input__applyleavetxtFromDate'

2021-08-19 21:32:46 - [MESSAGE][PASSED] - Text '2021-09-02' is set on object 'Object Repository/Apply Leave/Page_OrangeHRM/input__applyleavetxtFromDate'

2021-08-19 21:32:46 - [TEST_STEP][PASSED] - sendKeys(findTestObject("Object Repository/Apply Leave/Page_OrangeHRM/input__applyleavetxtFromDate"), Keys.chord(ENTER)): Keys 'ENTER + ' sent to object: 'Object Repository/Apply Leave/Page_OrangeHRM/input__applyleavetxtFromDate'

2021-08-19 21:32:47 - [MESSAGE][PASSED] - Keys 'ENTER + ' sent to object: 'Object Repository/Apply Leave/Page_OrangeHRM/input__applyleavetxtFromDate'

2021-08-19 21:32:47 - [TEST_STEP][PASSED] - setText(findTestObject("Object Repository/Apply Leave/Page_OrangeHRM/input__applyleavetxtToDate"), to): Text '2021-09-02' is set on object 'Object Repository/Apply Leave/Page_OrangeHRM/input__applyleavetxtToDate'

2021-08-19 21:32:48 - [MESSAGE][PASSED] - Text '2021-09-02' is set on object 'Object Repository/Apply Leave/Page_OrangeHRM/input__applyleavetxtToDate'

2021-08-19 21:32:48 - [TEST_STEP][PASSED] - sendKeys(findTestObject("Object Repository/Apply Leave/Page_OrangeHRM/input__applyleavetxtToDate"), Keys.chord(ENTER)): Keys 'ENTER + ' sent to object: 'Object Repository/Apply Leave/Page_OrangeHRM/input__applyleavetxtToDate'

2021-08-19 21:32:49 - [MESSAGE][PASSED] - Keys 'ENTER + ' sent to object: 'Object Repository/Apply Leave/Page_OrangeHRM/input__applyleavetxtToDate'

2021-08-19 21:32:49 - [TEST_STEP][PASSED] - if (from.equals(to)): null

2021-08-19 21:32:49 - [TEST_STEP][PASSED] - selectOptionByValue(findTestObject("Object Repository/Apply Leave/Page_OrangeHRM/select_Full DayHalf DaySpecify Time"), duration1, true): All options with value 'half_day' are selected in object 'Object Repository/Apply Leave/Page_OrangeHRM/select_Full DayHalf DaySpecify Time'  using regular expression

2021-08-19 21:32:50 - [MESSAGE][PASSED] - All options with value 'half_day' are selected in object 'Object Repository/Apply Leave/Page_OrangeHRM/select_Full DayHalf DaySpecify Time'  using regular expression

2021-08-19 21:32:50 - [TEST_STEP][PASSED] - if (duration1.equals("half_day")): All options with value 'AM' are selected in object 'Object Repository/Apply Leave/Page_OrangeHRM/select_MorningAfternoon'  using regular expression

2021-08-19 21:32:50 - [TEST_STEP][PASSED] - selectOptionByValue(findTestObject("Object Repository/Apply Leave/Page_OrangeHRM/select_MorningAfternoon"), duration2, true): All options with value 'AM' are selected in object 'Object Repository/Apply Leave/Page_OrangeHRM/select_MorningAfternoon'  using regular expression

2021-08-19 21:32:51 - [MESSAGE][PASSED] - All options with value 'AM' are selected in object 'Object Repository/Apply Leave/Page_OrangeHRM/select_MorningAfternoon'  using regular expression

2021-08-19 21:32:51 - [TEST_STEP][PASSED] - if (duration1.equals("specify_time")): null

2021-08-19 21:32:51 - [TEST_STEP][PASSED] - scrollToElement(findTestObject("Apply Leave/Page_OrangeHRM/input__applyBtn"), 0): Scroll to object 'Object Repository/Apply Leave/Page_OrangeHRM/input__applyBtn' successfully

2021-08-19 21:32:51 - [MESSAGE][WARNING] - Timeout '0' is invalid. Using default page load timeout: '30'

2021-08-19 21:32:51 - [MESSAGE][PASSED] - Scroll to object 'Object Repository/Apply Leave/Page_OrangeHRM/input__applyBtn' successfully

2021-08-19 21:32:51 - [TEST_STEP][PASSED] - takeScreenshot(): Taking screenshot successfully

2021-08-19 21:32:52 - [MESSAGE][PASSED] - Taking screenshot successfully
[[ATTACHMENT|C:\\Users\\nguye\\Katalon Studio\\OrangeHRM\\Reports\\20210819_213101\\Apply Leave\\20210819_213101\\1629383572193.png]]

2021-08-19 21:32:52 - [TEST_STEP][PASSED] - click(findTestObject("Object Repository/Apply Leave/Page_OrangeHRM/input__applyBtn")): Object: 'Object Repository/Apply Leave/Page_OrangeHRM/input__applyBtn' is clicked on

2021-08-19 21:32:53 - [MESSAGE][PASSED] - Object: 'Object Repository/Apply Leave/Page_OrangeHRM/input__applyBtn' is clicked on

2021-08-19 21:32:53 - [TEST_STEP][PASSED] - navigateToUrl("http://localhost/orangehrm/symfony/web/index.php/leave/viewMyLeaveList/reset/1"): Navigate to 'http://localhost/orangehrm/symfony/web/index.php/leave/viewMyLeaveList/reset/1' successfully

2021-08-19 21:32:54 - [MESSAGE][PASSED] - Navigate to 'http://localhost/orangehrm/symfony/web/index.php/leave/viewMyLeaveList/reset/1' successfully

2021-08-19 21:32:54 - [TEST_STEP][PASSED] - setText(findTestObject("Object Repository/Apply Leave/Page_OrangeHRM/input_From_leaveListcalFromDate"), from): Text '2021-09-02' is set on object 'Object Repository/Apply Leave/Page_OrangeHRM/input_From_leaveListcalFromDate'

2021-08-19 21:32:55 - [MESSAGE][PASSED] - Text '2021-09-02' is set on object 'Object Repository/Apply Leave/Page_OrangeHRM/input_From_leaveListcalFromDate'

2021-08-19 21:32:55 - [TEST_STEP][PASSED] - sendKeys(findTestObject("Object Repository/Apply Leave/Page_OrangeHRM/input_From_leaveListcalFromDate"), Keys.chord(ENTER)): Keys 'ENTER + ' sent to object: 'Object Repository/Apply Leave/Page_OrangeHRM/input_From_leaveListcalFromDate'

2021-08-19 21:32:56 - [MESSAGE][PASSED] - Keys 'ENTER + ' sent to object: 'Object Repository/Apply Leave/Page_OrangeHRM/input_From_leaveListcalFromDate'

2021-08-19 21:32:56 - [TEST_STEP][PASSED] - setText(findTestObject("Object Repository/Apply Leave/Page_OrangeHRM/input_To_leaveListcalToDate"), to): Text '2021-09-02' is set on object 'Object Repository/Apply Leave/Page_OrangeHRM/input_To_leaveListcalToDate'

2021-08-19 21:32:56 - [MESSAGE][PASSED] - Text '2021-09-02' is set on object 'Object Repository/Apply Leave/Page_OrangeHRM/input_To_leaveListcalToDate'

2021-08-19 21:32:56 - [TEST_STEP][PASSED] - sendKeys(findTestObject("Object Repository/Apply Leave/Page_OrangeHRM/input_To_leaveListcalToDate"), Keys.chord(ENTER)): Keys 'ENTER + ' sent to object: 'Object Repository/Apply Leave/Page_OrangeHRM/input_To_leaveListcalToDate'

2021-08-19 21:32:57 - [MESSAGE][PASSED] - Keys 'ENTER + ' sent to object: 'Object Repository/Apply Leave/Page_OrangeHRM/input_To_leaveListcalToDate'

2021-08-19 21:32:57 - [TEST_STEP][PASSED] - uncheck(findTestObject("Object Repository/Apply Leave/Page_OrangeHRM/input_All_leaveList_chkSearchFilter_checkbo_a698f3")): Object 'Object Repository/Apply Leave/Page_OrangeHRM/input_All_leaveList_chkSearchFilter_checkbo_a698f3' is un-checked

2021-08-19 21:32:57 - [MESSAGE][PASSED] - Object 'Object Repository/Apply Leave/Page_OrangeHRM/input_All_leaveList_chkSearchFilter_checkbo_a698f3' is un-checked

2021-08-19 21:32:57 - [TEST_STEP][PASSED] - check(findTestObject("Object Repository/Apply Leave/Page_OrangeHRM/input_Pending Approval_leaveListchkSearchFilter")): Object 'Object Repository/Apply Leave/Page_OrangeHRM/input_Pending Approval_leaveListchkSearchFilter' is checked

2021-08-19 21:32:58 - [MESSAGE][PASSED] - Object 'Object Repository/Apply Leave/Page_OrangeHRM/input_Pending Approval_leaveListchkSearchFilter' is checked

2021-08-19 21:32:58 - [TEST_STEP][PASSED] - click(findTestObject("Object Repository/Apply Leave/Page_OrangeHRM/input_Taken_btnSearch")): Object: 'Object Repository/Apply Leave/Page_OrangeHRM/input_Taken_btnSearch' is clicked on

2021-08-19 21:32:59 - [MESSAGE][PASSED] - Object: 'Object Repository/Apply Leave/Page_OrangeHRM/input_Taken_btnSearch' is clicked on

2021-08-19 21:32:59 - [TEST_STEP][PASSED] - scrollToElement(findTestObject("Apply Leave/Page_OrangeHRM/th_Date"), 0): Scroll to object 'Object Repository/Apply Leave/Page_OrangeHRM/th_Date' successfully

2021-08-19 21:32:59 - [MESSAGE][WARNING] - Timeout '0' is invalid. Using default page load timeout: '30'

2021-08-19 21:33:00 - [MESSAGE][PASSED] - Scroll to object 'Object Repository/Apply Leave/Page_OrangeHRM/th_Date' successfully

2021-08-19 21:33:00 - [TEST_STEP][PASSED] - takeScreenshot(): Taking screenshot successfully

2021-08-19 21:33:00 - [MESSAGE][PASSED] - Taking screenshot successfully
[[ATTACHMENT|C:\\Users\\nguye\\Katalon Studio\\OrangeHRM\\Reports\\20210819_213101\\Apply Leave\\20210819_213101\\1629383580252.png]]

2021-08-19 21:33:00 - [TEST_STEP][PASSED] - if (days.equals("")): null

2021-08-19 21:33:00 - [TEST_STEP][PASSED] - else: Actual text 'Pending Approval(0.50)' and expected text 'Pending Approval(0.50)' are matched 

2021-08-19 21:33:00 - [TEST_STEP][PASSED] - verifyMatch(getText(findTestObject("Object Repository/Apply Leave/Page_OrangeHRM/a_2021-09-02 to 2021-09-03")), date, false, STOP_ON_FAILURE): Actual text '2021-09-02 (09:00 - 13:00) Half Day' and expected text '2021-09-02 (09:00 - 13:00) Half Day' are matched 

2021-08-19 21:33:00 - [MESSAGE][PASSED] - Text of object 'Object Repository/Apply Leave/Page_OrangeHRM/a_2021-09-02 to 2021-09-03' is: '2021-09-02 (09:00 - 13:00) Half Day'

2021-08-19 21:33:00 - [MESSAGE][PASSED] - Actual text '2021-09-02 (09:00 - 13:00) Half Day' and expected text '2021-09-02 (09:00 - 13:00) Half Day' are matched 

2021-08-19 21:33:00 - [TEST_STEP][PASSED] - verifyMatch(getText(findTestObject("Object Repository/Apply Leave/Page_OrangeHRM/a_Rachel Morris")), fullName, false, STOP_ON_FAILURE): Actual text 'Rachel Morris' and expected text 'Rachel Morris' are matched 

2021-08-19 21:33:01 - [MESSAGE][PASSED] - Text of object 'Object Repository/Apply Leave/Page_OrangeHRM/a_Rachel Morris' is: 'Rachel Morris'

2021-08-19 21:33:01 - [MESSAGE][PASSED] - Actual text 'Rachel Morris' and expected text 'Rachel Morris' are matched 

2021-08-19 21:33:01 - [TEST_STEP][PASSED] - verifyMatch(getText(findTestObject("Object Repository/Apply Leave/Page_OrangeHRM/td_Personal")), leaveType, false, STOP_ON_FAILURE): Actual text 'Personal' and expected text 'Personal' are matched 

2021-08-19 21:33:01 - [MESSAGE][PASSED] - Text of object 'Object Repository/Apply Leave/Page_OrangeHRM/td_Personal' is: 'Personal'

2021-08-19 21:33:01 - [MESSAGE][PASSED] - Actual text 'Personal' and expected text 'Personal' are matched 

2021-08-19 21:33:01 - [TEST_STEP][PASSED] - verifyMatch(25"))).toString(), parseDouble(days).toString(), false, STOP_ON_FAILURE): Actual text '49.5' and expected text '49.5' are matched 

2021-08-19 21:33:01 - [MESSAGE][PASSED] - Text of object 'Object Repository/Apply Leave/Page_OrangeHRM/td_49.25' is: '49.50'

2021-08-19 21:33:01 - [MESSAGE][PASSED] - Actual text '49.5' and expected text '49.5' are matched 

2021-08-19 21:33:01 - [TEST_STEP][PASSED] - verifyMatch(getText(findTestObject("Object Repository/Apply Leave/Page_OrangeHRM/td_0.75")), days, false, STOP_ON_FAILURE): Actual text '0.50' and expected text '0.50' are matched 

2021-08-19 21:33:02 - [MESSAGE][PASSED] - Text of object 'Object Repository/Apply Leave/Page_OrangeHRM/td_0.75' is: '0.50'

2021-08-19 21:33:02 - [MESSAGE][PASSED] - Actual text '0.50' and expected text '0.50' are matched 

2021-08-19 21:33:02 - [TEST_STEP][PASSED] - verifyMatch(getText(findTestObject("Object Repository/Apply Leave/Page_OrangeHRM/a_Pending Approval(0.75)")), status + "(" + days + ")", false, STOP_ON_FAILURE): Actual text 'Pending Approval(0.50)' and expected text 'Pending Approval(0.50)' are matched 

2021-08-19 21:33:02 - [MESSAGE][PASSED] - Text of object 'Object Repository/Apply Leave/Page_OrangeHRM/a_Pending Approval(0.75)' is: 'Pending Approval(0.50)'

2021-08-19 21:33:02 - [MESSAGE][PASSED] - Actual text 'Pending Approval(0.50)' and expected text 'Pending Approval(0.50)' are matched]]></system-out>
         <system-err><![CDATA[]]></system-err>
      </testcase>
      <testcase name="Test Cases/Apply Leave" time="21.92" classname="Test Cases/Apply Leave" status="PASSED">
         <system-out><![CDATA[2021-08-19 21:33:04 - [TEST_CASE][PASSED] - Test Cases/Apply Leave: Test Cases/Apply Leave

2021-08-19 21:33:04 - [TEST_STEP][PASSED] - com.database.mysql.connectDB("localhost", "orangehrm_mysql", "3306", "root", null): com.database.mysql.connectDB is PASSED

2021-08-19 21:33:04 - [MESSAGE][PASSED] - com.database.mysql.connectDB is PASSED

2021-08-19 21:33:04 - [TEST_STEP][PASSED] - com.database.mysql.execute("DELETE FROM `ohrm_leave_request` WHERE `emp_number`=3 AND `date_applied`='2021-09-02' AND `leave_type_id` = 3"): com.database.mysql.execute is PASSED

2021-08-19 21:33:04 - [MESSAGE][PASSED] - com.database.mysql.execute is PASSED

2021-08-19 21:33:04 - [TEST_STEP][PASSED] - com.database.mysql.execute("DELETE FROM `ohrm_leave` WHERE `emp_number` = 3 AND `leave_type_id`=3 and (`date`='2021-09-02' or `date`='2021-09-03') "): com.database.mysql.execute is PASSED

2021-08-19 21:33:04 - [MESSAGE][PASSED] - com.database.mysql.execute is PASSED

2021-08-19 21:33:04 - [TEST_STEP][PASSED] - com.database.mysql.closeDatabaseConnection(): com.database.mysql.closeDatabaseConnection is PASSED

2021-08-19 21:33:04 - [MESSAGE][PASSED] - com.database.mysql.closeDatabaseConnection is PASSED

2021-08-19 21:33:04 - [TEST_STEP][PASSED] - navigateToUrl("http://localhost/orangehrm/symfony/web/index.php/dashboard"): Navigate to 'http://localhost/orangehrm/symfony/web/index.php/dashboard' successfully

2021-08-19 21:33:04 - [MESSAGE][PASSED] - Navigate to 'http://localhost/orangehrm/symfony/web/index.php/dashboard' successfully

2021-08-19 21:33:04 - [TEST_STEP][PASSED] - click(findTestObject("Object Repository/Apply Leave/Page_OrangeHRM/img")): Object: 'Object Repository/Apply Leave/Page_OrangeHRM/img' is clicked on

2021-08-19 21:33:05 - [MESSAGE][PASSED] - Object: 'Object Repository/Apply Leave/Page_OrangeHRM/img' is clicked on

2021-08-19 21:33:05 - [TEST_STEP][PASSED] - selectOptionByValue(findTestObject("Object Repository/Apply Leave/Page_OrangeHRM/select_--Select--MarriageMaternityPersonalS_480ad7"), "3", true): All options with value '3' are selected in object 'Object Repository/Apply Leave/Page_OrangeHRM/select_--Select--MarriageMaternityPersonalS_480ad7'  using regular expression

2021-08-19 21:33:07 - [MESSAGE][PASSED] - All options with value '3' are selected in object 'Object Repository/Apply Leave/Page_OrangeHRM/select_--Select--MarriageMaternityPersonalS_480ad7'  using regular expression

2021-08-19 21:33:07 - [TEST_STEP][PASSED] - setText(findTestObject("Object Repository/Apply Leave/Page_OrangeHRM/input__applyleavetxtFromDate"), from): Text '2021-09-02' is set on object 'Object Repository/Apply Leave/Page_OrangeHRM/input__applyleavetxtFromDate'

2021-08-19 21:33:08 - [MESSAGE][PASSED] - Text '2021-09-02' is set on object 'Object Repository/Apply Leave/Page_OrangeHRM/input__applyleavetxtFromDate'

2021-08-19 21:33:08 - [TEST_STEP][PASSED] - sendKeys(findTestObject("Object Repository/Apply Leave/Page_OrangeHRM/input__applyleavetxtFromDate"), Keys.chord(ENTER)): Keys 'ENTER + ' sent to object: 'Object Repository/Apply Leave/Page_OrangeHRM/input__applyleavetxtFromDate'

2021-08-19 21:33:09 - [MESSAGE][PASSED] - Keys 'ENTER + ' sent to object: 'Object Repository/Apply Leave/Page_OrangeHRM/input__applyleavetxtFromDate'

2021-08-19 21:33:09 - [TEST_STEP][PASSED] - setText(findTestObject("Object Repository/Apply Leave/Page_OrangeHRM/input__applyleavetxtToDate"), to): Text '2021-09-02' is set on object 'Object Repository/Apply Leave/Page_OrangeHRM/input__applyleavetxtToDate'

2021-08-19 21:33:10 - [MESSAGE][PASSED] - Text '2021-09-02' is set on object 'Object Repository/Apply Leave/Page_OrangeHRM/input__applyleavetxtToDate'

2021-08-19 21:33:10 - [TEST_STEP][PASSED] - sendKeys(findTestObject("Object Repository/Apply Leave/Page_OrangeHRM/input__applyleavetxtToDate"), Keys.chord(ENTER)): Keys 'ENTER + ' sent to object: 'Object Repository/Apply Leave/Page_OrangeHRM/input__applyleavetxtToDate'

2021-08-19 21:33:11 - [MESSAGE][PASSED] - Keys 'ENTER + ' sent to object: 'Object Repository/Apply Leave/Page_OrangeHRM/input__applyleavetxtToDate'

2021-08-19 21:33:11 - [TEST_STEP][PASSED] - if (from.equals(to)): null

2021-08-19 21:33:11 - [TEST_STEP][PASSED] - selectOptionByValue(findTestObject("Object Repository/Apply Leave/Page_OrangeHRM/select_Full DayHalf DaySpecify Time"), duration1, true): All options with value 'half_day' are selected in object 'Object Repository/Apply Leave/Page_OrangeHRM/select_Full DayHalf DaySpecify Time'  using regular expression

2021-08-19 21:33:12 - [MESSAGE][PASSED] - All options with value 'half_day' are selected in object 'Object Repository/Apply Leave/Page_OrangeHRM/select_Full DayHalf DaySpecify Time'  using regular expression

2021-08-19 21:33:12 - [TEST_STEP][PASSED] - if (duration1.equals("half_day")): All options with value 'PM' are selected in object 'Object Repository/Apply Leave/Page_OrangeHRM/select_MorningAfternoon'  using regular expression

2021-08-19 21:33:12 - [TEST_STEP][PASSED] - selectOptionByValue(findTestObject("Object Repository/Apply Leave/Page_OrangeHRM/select_MorningAfternoon"), duration2, true): All options with value 'PM' are selected in object 'Object Repository/Apply Leave/Page_OrangeHRM/select_MorningAfternoon'  using regular expression

2021-08-19 21:33:13 - [MESSAGE][PASSED] - All options with value 'PM' are selected in object 'Object Repository/Apply Leave/Page_OrangeHRM/select_MorningAfternoon'  using regular expression

2021-08-19 21:33:13 - [TEST_STEP][PASSED] - if (duration1.equals("specify_time")): null

2021-08-19 21:33:13 - [TEST_STEP][PASSED] - scrollToElement(findTestObject("Apply Leave/Page_OrangeHRM/input__applyBtn"), 0): Scroll to object 'Object Repository/Apply Leave/Page_OrangeHRM/input__applyBtn' successfully

2021-08-19 21:33:13 - [MESSAGE][WARNING] - Timeout '0' is invalid. Using default page load timeout: '30'

2021-08-19 21:33:13 - [MESSAGE][PASSED] - Scroll to object 'Object Repository/Apply Leave/Page_OrangeHRM/input__applyBtn' successfully

2021-08-19 21:33:13 - [TEST_STEP][PASSED] - takeScreenshot(): Taking screenshot successfully

2021-08-19 21:33:14 - [MESSAGE][PASSED] - Taking screenshot successfully
[[ATTACHMENT|C:\\Users\\nguye\\Katalon Studio\\OrangeHRM\\Reports\\20210819_213101\\Apply Leave\\20210819_213101\\1629383594228.png]]

2021-08-19 21:33:14 - [TEST_STEP][PASSED] - click(findTestObject("Object Repository/Apply Leave/Page_OrangeHRM/input__applyBtn")): Object: 'Object Repository/Apply Leave/Page_OrangeHRM/input__applyBtn' is clicked on

2021-08-19 21:33:15 - [MESSAGE][PASSED] - Object: 'Object Repository/Apply Leave/Page_OrangeHRM/input__applyBtn' is clicked on

2021-08-19 21:33:15 - [TEST_STEP][PASSED] - navigateToUrl("http://localhost/orangehrm/symfony/web/index.php/leave/viewMyLeaveList/reset/1"): Navigate to 'http://localhost/orangehrm/symfony/web/index.php/leave/viewMyLeaveList/reset/1' successfully

2021-08-19 21:33:16 - [MESSAGE][PASSED] - Navigate to 'http://localhost/orangehrm/symfony/web/index.php/leave/viewMyLeaveList/reset/1' successfully

2021-08-19 21:33:16 - [TEST_STEP][PASSED] - setText(findTestObject("Object Repository/Apply Leave/Page_OrangeHRM/input_From_leaveListcalFromDate"), from): Text '2021-09-02' is set on object 'Object Repository/Apply Leave/Page_OrangeHRM/input_From_leaveListcalFromDate'

2021-08-19 21:33:17 - [MESSAGE][PASSED] - Text '2021-09-02' is set on object 'Object Repository/Apply Leave/Page_OrangeHRM/input_From_leaveListcalFromDate'

2021-08-19 21:33:17 - [TEST_STEP][PASSED] - sendKeys(findTestObject("Object Repository/Apply Leave/Page_OrangeHRM/input_From_leaveListcalFromDate"), Keys.chord(ENTER)): Keys 'ENTER + ' sent to object: 'Object Repository/Apply Leave/Page_OrangeHRM/input_From_leaveListcalFromDate'

2021-08-19 21:33:18 - [MESSAGE][PASSED] - Keys 'ENTER + ' sent to object: 'Object Repository/Apply Leave/Page_OrangeHRM/input_From_leaveListcalFromDate'

2021-08-19 21:33:18 - [TEST_STEP][PASSED] - setText(findTestObject("Object Repository/Apply Leave/Page_OrangeHRM/input_To_leaveListcalToDate"), to): Text '2021-09-02' is set on object 'Object Repository/Apply Leave/Page_OrangeHRM/input_To_leaveListcalToDate'

2021-08-19 21:33:19 - [MESSAGE][PASSED] - Text '2021-09-02' is set on object 'Object Repository/Apply Leave/Page_OrangeHRM/input_To_leaveListcalToDate'

2021-08-19 21:33:19 - [TEST_STEP][PASSED] - sendKeys(findTestObject("Object Repository/Apply Leave/Page_OrangeHRM/input_To_leaveListcalToDate"), Keys.chord(ENTER)): Keys 'ENTER + ' sent to object: 'Object Repository/Apply Leave/Page_OrangeHRM/input_To_leaveListcalToDate'

2021-08-19 21:33:19 - [MESSAGE][PASSED] - Keys 'ENTER + ' sent to object: 'Object Repository/Apply Leave/Page_OrangeHRM/input_To_leaveListcalToDate'

2021-08-19 21:33:19 - [TEST_STEP][PASSED] - uncheck(findTestObject("Object Repository/Apply Leave/Page_OrangeHRM/input_All_leaveList_chkSearchFilter_checkbo_a698f3")): Object 'Object Repository/Apply Leave/Page_OrangeHRM/input_All_leaveList_chkSearchFilter_checkbo_a698f3' is un-checked

2021-08-19 21:33:19 - [MESSAGE][PASSED] - Object 'Object Repository/Apply Leave/Page_OrangeHRM/input_All_leaveList_chkSearchFilter_checkbo_a698f3' is un-checked

2021-08-19 21:33:19 - [TEST_STEP][PASSED] - check(findTestObject("Object Repository/Apply Leave/Page_OrangeHRM/input_Pending Approval_leaveListchkSearchFilter")): Object 'Object Repository/Apply Leave/Page_OrangeHRM/input_Pending Approval_leaveListchkSearchFilter' is checked

2021-08-19 21:33:20 - [MESSAGE][PASSED] - Object 'Object Repository/Apply Leave/Page_OrangeHRM/input_Pending Approval_leaveListchkSearchFilter' is checked

2021-08-19 21:33:20 - [TEST_STEP][PASSED] - click(findTestObject("Object Repository/Apply Leave/Page_OrangeHRM/input_Taken_btnSearch")): Object: 'Object Repository/Apply Leave/Page_OrangeHRM/input_Taken_btnSearch' is clicked on

2021-08-19 21:33:21 - [MESSAGE][PASSED] - Object: 'Object Repository/Apply Leave/Page_OrangeHRM/input_Taken_btnSearch' is clicked on

2021-08-19 21:33:21 - [TEST_STEP][PASSED] - scrollToElement(findTestObject("Apply Leave/Page_OrangeHRM/th_Date"), 0): Scroll to object 'Object Repository/Apply Leave/Page_OrangeHRM/th_Date' successfully

2021-08-19 21:33:21 - [MESSAGE][WARNING] - Timeout '0' is invalid. Using default page load timeout: '30'

2021-08-19 21:33:21 - [MESSAGE][PASSED] - Scroll to object 'Object Repository/Apply Leave/Page_OrangeHRM/th_Date' successfully

2021-08-19 21:33:21 - [TEST_STEP][PASSED] - takeScreenshot(): Taking screenshot successfully

2021-08-19 21:33:22 - [MESSAGE][PASSED] - Taking screenshot successfully
[[ATTACHMENT|C:\\Users\\nguye\\Katalon Studio\\OrangeHRM\\Reports\\20210819_213101\\Apply Leave\\20210819_213101\\1629383602155.png]]

2021-08-19 21:33:22 - [TEST_STEP][PASSED] - if (days.equals("")): null

2021-08-19 21:33:22 - [TEST_STEP][PASSED] - else: Actual text 'Pending Approval(0.50)' and expected text 'Pending Approval(0.50)' are matched 

2021-08-19 21:33:22 - [TEST_STEP][PASSED] - verifyMatch(getText(findTestObject("Object Repository/Apply Leave/Page_OrangeHRM/a_2021-09-02 to 2021-09-03")), date, false, STOP_ON_FAILURE): Actual text '2021-09-02 (13:00 - 17:00) Half Day' and expected text '2021-09-02 (13:00 - 17:00) Half Day' are matched 

2021-08-19 21:33:22 - [MESSAGE][PASSED] - Text of object 'Object Repository/Apply Leave/Page_OrangeHRM/a_2021-09-02 to 2021-09-03' is: '2021-09-02 (13:00 - 17:00) Half Day'

2021-08-19 21:33:22 - [MESSAGE][PASSED] - Actual text '2021-09-02 (13:00 - 17:00) Half Day' and expected text '2021-09-02 (13:00 - 17:00) Half Day' are matched 

2021-08-19 21:33:22 - [TEST_STEP][PASSED] - verifyMatch(getText(findTestObject("Object Repository/Apply Leave/Page_OrangeHRM/a_Rachel Morris")), fullName, false, STOP_ON_FAILURE): Actual text 'Rachel Morris' and expected text 'Rachel Morris' are matched 

2021-08-19 21:33:22 - [MESSAGE][PASSED] - Text of object 'Object Repository/Apply Leave/Page_OrangeHRM/a_Rachel Morris' is: 'Rachel Morris'

2021-08-19 21:33:22 - [MESSAGE][PASSED] - Actual text 'Rachel Morris' and expected text 'Rachel Morris' are matched 

2021-08-19 21:33:22 - [TEST_STEP][PASSED] - verifyMatch(getText(findTestObject("Object Repository/Apply Leave/Page_OrangeHRM/td_Personal")), leaveType, false, STOP_ON_FAILURE): Actual text 'Personal' and expected text 'Personal' are matched 

2021-08-19 21:33:23 - [MESSAGE][PASSED] - Text of object 'Object Repository/Apply Leave/Page_OrangeHRM/td_Personal' is: 'Personal'

2021-08-19 21:33:23 - [MESSAGE][PASSED] - Actual text 'Personal' and expected text 'Personal' are matched 

2021-08-19 21:33:23 - [TEST_STEP][PASSED] - verifyMatch(25"))).toString(), parseDouble(days).toString(), false, STOP_ON_FAILURE): Actual text '49.5' and expected text '49.5' are matched 

2021-08-19 21:33:23 - [MESSAGE][PASSED] - Text of object 'Object Repository/Apply Leave/Page_OrangeHRM/td_49.25' is: '49.50'

2021-08-19 21:33:23 - [MESSAGE][PASSED] - Actual text '49.5' and expected text '49.5' are matched 

2021-08-19 21:33:23 - [TEST_STEP][PASSED] - verifyMatch(getText(findTestObject("Object Repository/Apply Leave/Page_OrangeHRM/td_0.75")), days, false, STOP_ON_FAILURE): Actual text '0.50' and expected text '0.50' are matched 

2021-08-19 21:33:24 - [MESSAGE][PASSED] - Text of object 'Object Repository/Apply Leave/Page_OrangeHRM/td_0.75' is: '0.50'

2021-08-19 21:33:24 - [MESSAGE][PASSED] - Actual text '0.50' and expected text '0.50' are matched 

2021-08-19 21:33:24 - [TEST_STEP][PASSED] - verifyMatch(getText(findTestObject("Object Repository/Apply Leave/Page_OrangeHRM/a_Pending Approval(0.75)")), status + "(" + days + ")", false, STOP_ON_FAILURE): Actual text 'Pending Approval(0.50)' and expected text 'Pending Approval(0.50)' are matched 

2021-08-19 21:33:24 - [MESSAGE][PASSED] - Text of object 'Object Repository/Apply Leave/Page_OrangeHRM/a_Pending Approval(0.75)' is: 'Pending Approval(0.50)'

2021-08-19 21:33:24 - [MESSAGE][PASSED] - Actual text 'Pending Approval(0.50)' and expected text 'Pending Approval(0.50)' are matched]]></system-out>
         <system-err><![CDATA[]]></system-err>
      </testcase>
      <testcase name="Test Cases/Apply Leave" time="23.966" classname="Test Cases/Apply Leave" status="PASSED">
         <system-out><![CDATA[2021-08-19 21:33:26 - [TEST_CASE][PASSED] - Test Cases/Apply Leave: Test Cases/Apply Leave

2021-08-19 21:33:26 - [TEST_STEP][PASSED] - com.database.mysql.connectDB("localhost", "orangehrm_mysql", "3306", "root", null): com.database.mysql.connectDB is PASSED

2021-08-19 21:33:26 - [MESSAGE][PASSED] - com.database.mysql.connectDB is PASSED

2021-08-19 21:33:26 - [TEST_STEP][PASSED] - com.database.mysql.execute("DELETE FROM `ohrm_leave_request` WHERE `emp_number`=3 AND `date_applied`='2021-09-02' AND `leave_type_id` = 3"): com.database.mysql.execute is PASSED

2021-08-19 21:33:26 - [MESSAGE][PASSED] - com.database.mysql.execute is PASSED

2021-08-19 21:33:26 - [TEST_STEP][PASSED] - com.database.mysql.execute("DELETE FROM `ohrm_leave` WHERE `emp_number` = 3 AND `leave_type_id`=3 and (`date`='2021-09-02' or `date`='2021-09-03') "): com.database.mysql.execute is PASSED

2021-08-19 21:33:26 - [MESSAGE][PASSED] - com.database.mysql.execute is PASSED

2021-08-19 21:33:26 - [TEST_STEP][PASSED] - com.database.mysql.closeDatabaseConnection(): com.database.mysql.closeDatabaseConnection is PASSED

2021-08-19 21:33:26 - [MESSAGE][PASSED] - com.database.mysql.closeDatabaseConnection is PASSED

2021-08-19 21:33:26 - [TEST_STEP][PASSED] - navigateToUrl("http://localhost/orangehrm/symfony/web/index.php/dashboard"): Navigate to 'http://localhost/orangehrm/symfony/web/index.php/dashboard' successfully

2021-08-19 21:33:26 - [MESSAGE][PASSED] - Navigate to 'http://localhost/orangehrm/symfony/web/index.php/dashboard' successfully

2021-08-19 21:33:26 - [TEST_STEP][PASSED] - click(findTestObject("Object Repository/Apply Leave/Page_OrangeHRM/img")): Object: 'Object Repository/Apply Leave/Page_OrangeHRM/img' is clicked on

2021-08-19 21:33:27 - [MESSAGE][PASSED] - Object: 'Object Repository/Apply Leave/Page_OrangeHRM/img' is clicked on

2021-08-19 21:33:27 - [TEST_STEP][PASSED] - selectOptionByValue(findTestObject("Object Repository/Apply Leave/Page_OrangeHRM/select_--Select--MarriageMaternityPersonalS_480ad7"), "3", true): All options with value '3' are selected in object 'Object Repository/Apply Leave/Page_OrangeHRM/select_--Select--MarriageMaternityPersonalS_480ad7'  using regular expression

2021-08-19 21:33:29 - [MESSAGE][PASSED] - All options with value '3' are selected in object 'Object Repository/Apply Leave/Page_OrangeHRM/select_--Select--MarriageMaternityPersonalS_480ad7'  using regular expression

2021-08-19 21:33:29 - [TEST_STEP][PASSED] - setText(findTestObject("Object Repository/Apply Leave/Page_OrangeHRM/input__applyleavetxtFromDate"), from): Text '2021-09-02' is set on object 'Object Repository/Apply Leave/Page_OrangeHRM/input__applyleavetxtFromDate'

2021-08-19 21:33:30 - [MESSAGE][PASSED] - Text '2021-09-02' is set on object 'Object Repository/Apply Leave/Page_OrangeHRM/input__applyleavetxtFromDate'

2021-08-19 21:33:30 - [TEST_STEP][PASSED] - sendKeys(findTestObject("Object Repository/Apply Leave/Page_OrangeHRM/input__applyleavetxtFromDate"), Keys.chord(ENTER)): Keys 'ENTER + ' sent to object: 'Object Repository/Apply Leave/Page_OrangeHRM/input__applyleavetxtFromDate'

2021-08-19 21:33:31 - [MESSAGE][PASSED] - Keys 'ENTER + ' sent to object: 'Object Repository/Apply Leave/Page_OrangeHRM/input__applyleavetxtFromDate'

2021-08-19 21:33:31 - [TEST_STEP][PASSED] - setText(findTestObject("Object Repository/Apply Leave/Page_OrangeHRM/input__applyleavetxtToDate"), to): Text '2021-09-02' is set on object 'Object Repository/Apply Leave/Page_OrangeHRM/input__applyleavetxtToDate'

2021-08-19 21:33:32 - [MESSAGE][PASSED] - Text '2021-09-02' is set on object 'Object Repository/Apply Leave/Page_OrangeHRM/input__applyleavetxtToDate'

2021-08-19 21:33:32 - [TEST_STEP][PASSED] - sendKeys(findTestObject("Object Repository/Apply Leave/Page_OrangeHRM/input__applyleavetxtToDate"), Keys.chord(ENTER)): Keys 'ENTER + ' sent to object: 'Object Repository/Apply Leave/Page_OrangeHRM/input__applyleavetxtToDate'

2021-08-19 21:33:33 - [MESSAGE][PASSED] - Keys 'ENTER + ' sent to object: 'Object Repository/Apply Leave/Page_OrangeHRM/input__applyleavetxtToDate'

2021-08-19 21:33:33 - [TEST_STEP][PASSED] - if (from.equals(to)): All options with value '08:00' are selected in object 'Object Repository/Apply Leave/Page_OrangeHRM/select_000000150030004501000115013001450200_bef9c6_1'  using regular expression

2021-08-19 21:33:33 - [TEST_STEP][PASSED] - selectOptionByValue(findTestObject("Object Repository/Apply Leave/Page_OrangeHRM/select_Full DayHalf DaySpecify Time"), duration1, true): All options with value 'specify_time' are selected in object 'Object Repository/Apply Leave/Page_OrangeHRM/select_Full DayHalf DaySpecify Time'  using regular expression

2021-08-19 21:33:34 - [MESSAGE][PASSED] - All options with value 'specify_time' are selected in object 'Object Repository/Apply Leave/Page_OrangeHRM/select_Full DayHalf DaySpecify Time'  using regular expression

2021-08-19 21:33:34 - [TEST_STEP][PASSED] - if (duration1.equals("half_day")): null

2021-08-19 21:33:34 - [TEST_STEP][PASSED] - if (duration1.equals("specify_time")): All options with value '08:00' are selected in object 'Object Repository/Apply Leave/Page_OrangeHRM/select_000000150030004501000115013001450200_bef9c6_1'  using regular expression

2021-08-19 21:33:34 - [TEST_STEP][PASSED] - selectOptionByValue(findTestObject("Object Repository/Apply Leave/Page_OrangeHRM/select_000000150030004501000115013001450200_bef9c6"), duration2, true): All options with value '09:00' are selected in object 'Object Repository/Apply Leave/Page_OrangeHRM/select_000000150030004501000115013001450200_bef9c6'  using regular expression

2021-08-19 21:33:37 - [MESSAGE][PASSED] - All options with value '09:00' are selected in object 'Object Repository/Apply Leave/Page_OrangeHRM/select_000000150030004501000115013001450200_bef9c6'  using regular expression

2021-08-19 21:33:37 - [TEST_STEP][PASSED] - selectOptionByValue(findTestObject("Object Repository/Apply Leave/Page_OrangeHRM/select_000000150030004501000115013001450200_bef9c6_1"), duration3, true): All options with value '08:00' are selected in object 'Object Repository/Apply Leave/Page_OrangeHRM/select_000000150030004501000115013001450200_bef9c6_1'  using regular expression

2021-08-19 21:33:40 - [MESSAGE][PASSED] - All options with value '08:00' are selected in object 'Object Repository/Apply Leave/Page_OrangeHRM/select_000000150030004501000115013001450200_bef9c6_1'  using regular expression

2021-08-19 21:33:40 - [TEST_STEP][PASSED] - scrollToElement(findTestObject("Apply Leave/Page_OrangeHRM/input__applyBtn"), 0): Scroll to object 'Object Repository/Apply Leave/Page_OrangeHRM/input__applyBtn' successfully

2021-08-19 21:33:40 - [MESSAGE][WARNING] - Timeout '0' is invalid. Using default page load timeout: '30'

2021-08-19 21:33:40 - [MESSAGE][PASSED] - Scroll to object 'Object Repository/Apply Leave/Page_OrangeHRM/input__applyBtn' successfully

2021-08-19 21:33:40 - [TEST_STEP][PASSED] - takeScreenshot(): Taking screenshot successfully

2021-08-19 21:33:41 - [MESSAGE][PASSED] - Taking screenshot successfully
[[ATTACHMENT|C:\\Users\\nguye\\Katalon Studio\\OrangeHRM\\Reports\\20210819_213101\\Apply Leave\\20210819_213101\\1629383621042.png]]

2021-08-19 21:33:41 - [TEST_STEP][PASSED] - click(findTestObject("Object Repository/Apply Leave/Page_OrangeHRM/input__applyBtn")): Object: 'Object Repository/Apply Leave/Page_OrangeHRM/input__applyBtn' is clicked on

2021-08-19 21:33:41 - [MESSAGE][PASSED] - Object: 'Object Repository/Apply Leave/Page_OrangeHRM/input__applyBtn' is clicked on

2021-08-19 21:33:41 - [TEST_STEP][PASSED] - navigateToUrl("http://localhost/orangehrm/symfony/web/index.php/leave/viewMyLeaveList/reset/1"): Navigate to 'http://localhost/orangehrm/symfony/web/index.php/leave/viewMyLeaveList/reset/1' successfully

2021-08-19 21:33:42 - [MESSAGE][PASSED] - Navigate to 'http://localhost/orangehrm/symfony/web/index.php/leave/viewMyLeaveList/reset/1' successfully

2021-08-19 21:33:42 - [TEST_STEP][PASSED] - setText(findTestObject("Object Repository/Apply Leave/Page_OrangeHRM/input_From_leaveListcalFromDate"), from): Text '2021-09-02' is set on object 'Object Repository/Apply Leave/Page_OrangeHRM/input_From_leaveListcalFromDate'

2021-08-19 21:33:43 - [MESSAGE][PASSED] - Text '2021-09-02' is set on object 'Object Repository/Apply Leave/Page_OrangeHRM/input_From_leaveListcalFromDate'

2021-08-19 21:33:43 - [TEST_STEP][PASSED] - sendKeys(findTestObject("Object Repository/Apply Leave/Page_OrangeHRM/input_From_leaveListcalFromDate"), Keys.chord(ENTER)): Keys 'ENTER + ' sent to object: 'Object Repository/Apply Leave/Page_OrangeHRM/input_From_leaveListcalFromDate'

2021-08-19 21:33:44 - [MESSAGE][PASSED] - Keys 'ENTER + ' sent to object: 'Object Repository/Apply Leave/Page_OrangeHRM/input_From_leaveListcalFromDate'

2021-08-19 21:33:44 - [TEST_STEP][PASSED] - setText(findTestObject("Object Repository/Apply Leave/Page_OrangeHRM/input_To_leaveListcalToDate"), to): Text '2021-09-02' is set on object 'Object Repository/Apply Leave/Page_OrangeHRM/input_To_leaveListcalToDate'

2021-08-19 21:33:45 - [MESSAGE][PASSED] - Text '2021-09-02' is set on object 'Object Repository/Apply Leave/Page_OrangeHRM/input_To_leaveListcalToDate'

2021-08-19 21:33:45 - [TEST_STEP][PASSED] - sendKeys(findTestObject("Object Repository/Apply Leave/Page_OrangeHRM/input_To_leaveListcalToDate"), Keys.chord(ENTER)): Keys 'ENTER + ' sent to object: 'Object Repository/Apply Leave/Page_OrangeHRM/input_To_leaveListcalToDate'

2021-08-19 21:33:45 - [MESSAGE][PASSED] - Keys 'ENTER + ' sent to object: 'Object Repository/Apply Leave/Page_OrangeHRM/input_To_leaveListcalToDate'

2021-08-19 21:33:45 - [TEST_STEP][PASSED] - uncheck(findTestObject("Object Repository/Apply Leave/Page_OrangeHRM/input_All_leaveList_chkSearchFilter_checkbo_a698f3")): Object 'Object Repository/Apply Leave/Page_OrangeHRM/input_All_leaveList_chkSearchFilter_checkbo_a698f3' is un-checked

2021-08-19 21:33:45 - [MESSAGE][PASSED] - Object 'Object Repository/Apply Leave/Page_OrangeHRM/input_All_leaveList_chkSearchFilter_checkbo_a698f3' is un-checked

2021-08-19 21:33:45 - [TEST_STEP][PASSED] - check(findTestObject("Object Repository/Apply Leave/Page_OrangeHRM/input_Pending Approval_leaveListchkSearchFilter")): Object 'Object Repository/Apply Leave/Page_OrangeHRM/input_Pending Approval_leaveListchkSearchFilter' is checked

2021-08-19 21:33:46 - [MESSAGE][PASSED] - Object 'Object Repository/Apply Leave/Page_OrangeHRM/input_Pending Approval_leaveListchkSearchFilter' is checked

2021-08-19 21:33:46 - [TEST_STEP][PASSED] - click(findTestObject("Object Repository/Apply Leave/Page_OrangeHRM/input_Taken_btnSearch")): Object: 'Object Repository/Apply Leave/Page_OrangeHRM/input_Taken_btnSearch' is clicked on

2021-08-19 21:33:47 - [MESSAGE][PASSED] - Object: 'Object Repository/Apply Leave/Page_OrangeHRM/input_Taken_btnSearch' is clicked on

2021-08-19 21:33:47 - [TEST_STEP][PASSED] - scrollToElement(findTestObject("Apply Leave/Page_OrangeHRM/th_Date"), 0): Scroll to object 'Object Repository/Apply Leave/Page_OrangeHRM/th_Date' successfully

2021-08-19 21:33:47 - [MESSAGE][WARNING] - Timeout '0' is invalid. Using default page load timeout: '30'

2021-08-19 21:33:47 - [MESSAGE][PASSED] - Scroll to object 'Object Repository/Apply Leave/Page_OrangeHRM/th_Date' successfully

2021-08-19 21:33:47 - [TEST_STEP][PASSED] - takeScreenshot(): Taking screenshot successfully

2021-08-19 21:33:48 - [MESSAGE][PASSED] - Taking screenshot successfully
[[ATTACHMENT|C:\\Users\\nguye\\Katalon Studio\\OrangeHRM\\Reports\\20210819_213101\\Apply Leave\\20210819_213101\\1629383627918.png]]

2021-08-19 21:33:48 - [TEST_STEP][PASSED] - if (days.equals("")): Actual text 'No Records Found' and expected text 'No Records Found' are matched 

2021-08-19 21:33:48 - [TEST_STEP][PASSED] - verifyMatch(getText(findTestObject("Object Repository/Apply Leave/Page_OrangeHRM/td_No Records Found")), "No Records Found", false, STOP_ON_FAILURE): Actual text 'No Records Found' and expected text 'No Records Found' are matched 

2021-08-19 21:33:48 - [MESSAGE][PASSED] - Text of object 'Object Repository/Apply Leave/Page_OrangeHRM/td_No Records Found' is: 'No Records Found'

2021-08-19 21:33:48 - [MESSAGE][PASSED] - Actual text 'No Records Found' and expected text 'No Records Found' are matched]]></system-out>
         <system-err><![CDATA[]]></system-err>
      </testcase>
      <testcase name="Test Cases/Apply Leave" time="24.298" classname="Test Cases/Apply Leave" status="PASSED">
         <system-out><![CDATA[2021-08-19 21:33:50 - [TEST_CASE][PASSED] - Test Cases/Apply Leave: Test Cases/Apply Leave

2021-08-19 21:33:50 - [TEST_STEP][PASSED] - com.database.mysql.connectDB("localhost", "orangehrm_mysql", "3306", "root", null): com.database.mysql.connectDB is PASSED

2021-08-19 21:33:50 - [MESSAGE][PASSED] - com.database.mysql.connectDB is PASSED

2021-08-19 21:33:50 - [TEST_STEP][PASSED] - com.database.mysql.execute("DELETE FROM `ohrm_leave_request` WHERE `emp_number`=3 AND `date_applied`='2021-09-02' AND `leave_type_id` = 3"): com.database.mysql.execute is PASSED

2021-08-19 21:33:50 - [MESSAGE][PASSED] - com.database.mysql.execute is PASSED

2021-08-19 21:33:50 - [TEST_STEP][PASSED] - com.database.mysql.execute("DELETE FROM `ohrm_leave` WHERE `emp_number` = 3 AND `leave_type_id`=3 and (`date`='2021-09-02' or `date`='2021-09-03') "): com.database.mysql.execute is PASSED

2021-08-19 21:33:50 - [MESSAGE][PASSED] - com.database.mysql.execute is PASSED

2021-08-19 21:33:50 - [TEST_STEP][PASSED] - com.database.mysql.closeDatabaseConnection(): com.database.mysql.closeDatabaseConnection is PASSED

2021-08-19 21:33:50 - [MESSAGE][PASSED] - com.database.mysql.closeDatabaseConnection is PASSED

2021-08-19 21:33:50 - [TEST_STEP][PASSED] - navigateToUrl("http://localhost/orangehrm/symfony/web/index.php/dashboard"): Navigate to 'http://localhost/orangehrm/symfony/web/index.php/dashboard' successfully

2021-08-19 21:33:51 - [MESSAGE][PASSED] - Navigate to 'http://localhost/orangehrm/symfony/web/index.php/dashboard' successfully

2021-08-19 21:33:51 - [TEST_STEP][PASSED] - click(findTestObject("Object Repository/Apply Leave/Page_OrangeHRM/img")): Object: 'Object Repository/Apply Leave/Page_OrangeHRM/img' is clicked on

2021-08-19 21:33:52 - [MESSAGE][PASSED] - Object: 'Object Repository/Apply Leave/Page_OrangeHRM/img' is clicked on

2021-08-19 21:33:52 - [TEST_STEP][PASSED] - selectOptionByValue(findTestObject("Object Repository/Apply Leave/Page_OrangeHRM/select_--Select--MarriageMaternityPersonalS_480ad7"), "3", true): All options with value '3' are selected in object 'Object Repository/Apply Leave/Page_OrangeHRM/select_--Select--MarriageMaternityPersonalS_480ad7'  using regular expression

2021-08-19 21:33:53 - [MESSAGE][PASSED] - All options with value '3' are selected in object 'Object Repository/Apply Leave/Page_OrangeHRM/select_--Select--MarriageMaternityPersonalS_480ad7'  using regular expression

2021-08-19 21:33:53 - [TEST_STEP][PASSED] - setText(findTestObject("Object Repository/Apply Leave/Page_OrangeHRM/input__applyleavetxtFromDate"), from): Text '2021-09-02' is set on object 'Object Repository/Apply Leave/Page_OrangeHRM/input__applyleavetxtFromDate'

2021-08-19 21:33:54 - [MESSAGE][PASSED] - Text '2021-09-02' is set on object 'Object Repository/Apply Leave/Page_OrangeHRM/input__applyleavetxtFromDate'

2021-08-19 21:33:54 - [TEST_STEP][PASSED] - sendKeys(findTestObject("Object Repository/Apply Leave/Page_OrangeHRM/input__applyleavetxtFromDate"), Keys.chord(ENTER)): Keys 'ENTER + ' sent to object: 'Object Repository/Apply Leave/Page_OrangeHRM/input__applyleavetxtFromDate'

2021-08-19 21:33:55 - [MESSAGE][PASSED] - Keys 'ENTER + ' sent to object: 'Object Repository/Apply Leave/Page_OrangeHRM/input__applyleavetxtFromDate'

2021-08-19 21:33:55 - [TEST_STEP][PASSED] - setText(findTestObject("Object Repository/Apply Leave/Page_OrangeHRM/input__applyleavetxtToDate"), to): Text '2021-09-02' is set on object 'Object Repository/Apply Leave/Page_OrangeHRM/input__applyleavetxtToDate'

2021-08-19 21:33:56 - [MESSAGE][PASSED] - Text '2021-09-02' is set on object 'Object Repository/Apply Leave/Page_OrangeHRM/input__applyleavetxtToDate'

2021-08-19 21:33:56 - [TEST_STEP][PASSED] - sendKeys(findTestObject("Object Repository/Apply Leave/Page_OrangeHRM/input__applyleavetxtToDate"), Keys.chord(ENTER)): Keys 'ENTER + ' sent to object: 'Object Repository/Apply Leave/Page_OrangeHRM/input__applyleavetxtToDate'

2021-08-19 21:33:57 - [MESSAGE][PASSED] - Keys 'ENTER + ' sent to object: 'Object Repository/Apply Leave/Page_OrangeHRM/input__applyleavetxtToDate'

2021-08-19 21:33:57 - [TEST_STEP][PASSED] - if (from.equals(to)): All options with value '09:00' are selected in object 'Object Repository/Apply Leave/Page_OrangeHRM/select_000000150030004501000115013001450200_bef9c6_1'  using regular expression

2021-08-19 21:33:57 - [TEST_STEP][PASSED] - selectOptionByValue(findTestObject("Object Repository/Apply Leave/Page_OrangeHRM/select_Full DayHalf DaySpecify Time"), duration1, true): All options with value 'specify_time' are selected in object 'Object Repository/Apply Leave/Page_OrangeHRM/select_Full DayHalf DaySpecify Time'  using regular expression

2021-08-19 21:33:58 - [MESSAGE][PASSED] - All options with value 'specify_time' are selected in object 'Object Repository/Apply Leave/Page_OrangeHRM/select_Full DayHalf DaySpecify Time'  using regular expression

2021-08-19 21:33:58 - [TEST_STEP][PASSED] - if (duration1.equals("half_day")): null

2021-08-19 21:33:58 - [TEST_STEP][PASSED] - if (duration1.equals("specify_time")): All options with value '09:00' are selected in object 'Object Repository/Apply Leave/Page_OrangeHRM/select_000000150030004501000115013001450200_bef9c6_1'  using regular expression

2021-08-19 21:33:58 - [TEST_STEP][PASSED] - selectOptionByValue(findTestObject("Object Repository/Apply Leave/Page_OrangeHRM/select_000000150030004501000115013001450200_bef9c6"), duration2, true): All options with value '09:00' are selected in object 'Object Repository/Apply Leave/Page_OrangeHRM/select_000000150030004501000115013001450200_bef9c6'  using regular expression

2021-08-19 21:34:01 - [MESSAGE][PASSED] - All options with value '09:00' are selected in object 'Object Repository/Apply Leave/Page_OrangeHRM/select_000000150030004501000115013001450200_bef9c6'  using regular expression

2021-08-19 21:34:01 - [TEST_STEP][PASSED] - selectOptionByValue(findTestObject("Object Repository/Apply Leave/Page_OrangeHRM/select_000000150030004501000115013001450200_bef9c6_1"), duration3, true): All options with value '09:00' are selected in object 'Object Repository/Apply Leave/Page_OrangeHRM/select_000000150030004501000115013001450200_bef9c6_1'  using regular expression

2021-08-19 21:34:04 - [MESSAGE][PASSED] - All options with value '09:00' are selected in object 'Object Repository/Apply Leave/Page_OrangeHRM/select_000000150030004501000115013001450200_bef9c6_1'  using regular expression

2021-08-19 21:34:04 - [TEST_STEP][PASSED] - scrollToElement(findTestObject("Apply Leave/Page_OrangeHRM/input__applyBtn"), 0): Scroll to object 'Object Repository/Apply Leave/Page_OrangeHRM/input__applyBtn' successfully

2021-08-19 21:34:04 - [MESSAGE][WARNING] - Timeout '0' is invalid. Using default page load timeout: '30'

2021-08-19 21:34:05 - [MESSAGE][PASSED] - Scroll to object 'Object Repository/Apply Leave/Page_OrangeHRM/input__applyBtn' successfully

2021-08-19 21:34:05 - [TEST_STEP][PASSED] - takeScreenshot(): Taking screenshot successfully

2021-08-19 21:34:05 - [MESSAGE][PASSED] - Taking screenshot successfully
[[ATTACHMENT|C:\\Users\\nguye\\Katalon Studio\\OrangeHRM\\Reports\\20210819_213101\\Apply Leave\\20210819_213101\\1629383645286.png]]

2021-08-19 21:34:05 - [TEST_STEP][PASSED] - click(findTestObject("Object Repository/Apply Leave/Page_OrangeHRM/input__applyBtn")): Object: 'Object Repository/Apply Leave/Page_OrangeHRM/input__applyBtn' is clicked on

2021-08-19 21:34:05 - [MESSAGE][PASSED] - Object: 'Object Repository/Apply Leave/Page_OrangeHRM/input__applyBtn' is clicked on

2021-08-19 21:34:05 - [TEST_STEP][PASSED] - navigateToUrl("http://localhost/orangehrm/symfony/web/index.php/leave/viewMyLeaveList/reset/1"): Navigate to 'http://localhost/orangehrm/symfony/web/index.php/leave/viewMyLeaveList/reset/1' successfully

2021-08-19 21:34:06 - [MESSAGE][PASSED] - Navigate to 'http://localhost/orangehrm/symfony/web/index.php/leave/viewMyLeaveList/reset/1' successfully

2021-08-19 21:34:06 - [TEST_STEP][PASSED] - setText(findTestObject("Object Repository/Apply Leave/Page_OrangeHRM/input_From_leaveListcalFromDate"), from): Text '2021-09-02' is set on object 'Object Repository/Apply Leave/Page_OrangeHRM/input_From_leaveListcalFromDate'

2021-08-19 21:34:07 - [MESSAGE][PASSED] - Text '2021-09-02' is set on object 'Object Repository/Apply Leave/Page_OrangeHRM/input_From_leaveListcalFromDate'

2021-08-19 21:34:07 - [TEST_STEP][PASSED] - sendKeys(findTestObject("Object Repository/Apply Leave/Page_OrangeHRM/input_From_leaveListcalFromDate"), Keys.chord(ENTER)): Keys 'ENTER + ' sent to object: 'Object Repository/Apply Leave/Page_OrangeHRM/input_From_leaveListcalFromDate'

2021-08-19 21:34:08 - [MESSAGE][PASSED] - Keys 'ENTER + ' sent to object: 'Object Repository/Apply Leave/Page_OrangeHRM/input_From_leaveListcalFromDate'

2021-08-19 21:34:08 - [TEST_STEP][PASSED] - setText(findTestObject("Object Repository/Apply Leave/Page_OrangeHRM/input_To_leaveListcalToDate"), to): Text '2021-09-02' is set on object 'Object Repository/Apply Leave/Page_OrangeHRM/input_To_leaveListcalToDate'

2021-08-19 21:34:09 - [MESSAGE][PASSED] - Text '2021-09-02' is set on object 'Object Repository/Apply Leave/Page_OrangeHRM/input_To_leaveListcalToDate'

2021-08-19 21:34:09 - [TEST_STEP][PASSED] - sendKeys(findTestObject("Object Repository/Apply Leave/Page_OrangeHRM/input_To_leaveListcalToDate"), Keys.chord(ENTER)): Keys 'ENTER + ' sent to object: 'Object Repository/Apply Leave/Page_OrangeHRM/input_To_leaveListcalToDate'

2021-08-19 21:34:09 - [MESSAGE][PASSED] - Keys 'ENTER + ' sent to object: 'Object Repository/Apply Leave/Page_OrangeHRM/input_To_leaveListcalToDate'

2021-08-19 21:34:09 - [TEST_STEP][PASSED] - uncheck(findTestObject("Object Repository/Apply Leave/Page_OrangeHRM/input_All_leaveList_chkSearchFilter_checkbo_a698f3")): Object 'Object Repository/Apply Leave/Page_OrangeHRM/input_All_leaveList_chkSearchFilter_checkbo_a698f3' is un-checked

2021-08-19 21:34:10 - [MESSAGE][PASSED] - Object 'Object Repository/Apply Leave/Page_OrangeHRM/input_All_leaveList_chkSearchFilter_checkbo_a698f3' is un-checked

2021-08-19 21:34:10 - [TEST_STEP][PASSED] - check(findTestObject("Object Repository/Apply Leave/Page_OrangeHRM/input_Pending Approval_leaveListchkSearchFilter")): Object 'Object Repository/Apply Leave/Page_OrangeHRM/input_Pending Approval_leaveListchkSearchFilter' is checked

2021-08-19 21:34:10 - [MESSAGE][PASSED] - Object 'Object Repository/Apply Leave/Page_OrangeHRM/input_Pending Approval_leaveListchkSearchFilter' is checked

2021-08-19 21:34:10 - [TEST_STEP][PASSED] - click(findTestObject("Object Repository/Apply Leave/Page_OrangeHRM/input_Taken_btnSearch")): Object: 'Object Repository/Apply Leave/Page_OrangeHRM/input_Taken_btnSearch' is clicked on

2021-08-19 21:34:11 - [MESSAGE][PASSED] - Object: 'Object Repository/Apply Leave/Page_OrangeHRM/input_Taken_btnSearch' is clicked on

2021-08-19 21:34:11 - [TEST_STEP][PASSED] - scrollToElement(findTestObject("Apply Leave/Page_OrangeHRM/th_Date"), 0): Scroll to object 'Object Repository/Apply Leave/Page_OrangeHRM/th_Date' successfully

2021-08-19 21:34:11 - [MESSAGE][WARNING] - Timeout '0' is invalid. Using default page load timeout: '30'

2021-08-19 21:34:12 - [MESSAGE][PASSED] - Scroll to object 'Object Repository/Apply Leave/Page_OrangeHRM/th_Date' successfully

2021-08-19 21:34:12 - [TEST_STEP][PASSED] - takeScreenshot(): Taking screenshot successfully

2021-08-19 21:34:12 - [MESSAGE][PASSED] - Taking screenshot successfully
[[ATTACHMENT|C:\\Users\\nguye\\Katalon Studio\\OrangeHRM\\Reports\\20210819_213101\\Apply Leave\\20210819_213101\\1629383652339.png]]

2021-08-19 21:34:12 - [TEST_STEP][PASSED] - if (days.equals("")): Actual text 'No Records Found' and expected text 'No Records Found' are matched 

2021-08-19 21:34:12 - [TEST_STEP][PASSED] - verifyMatch(getText(findTestObject("Object Repository/Apply Leave/Page_OrangeHRM/td_No Records Found")), "No Records Found", false, STOP_ON_FAILURE): Actual text 'No Records Found' and expected text 'No Records Found' are matched 

2021-08-19 21:34:12 - [MESSAGE][PASSED] - Text of object 'Object Repository/Apply Leave/Page_OrangeHRM/td_No Records Found' is: 'No Records Found'

2021-08-19 21:34:12 - [MESSAGE][PASSED] - Actual text 'No Records Found' and expected text 'No Records Found' are matched]]></system-out>
         <system-err><![CDATA[]]></system-err>
      </testcase>
      <testcase name="Test Cases/Apply Leave" time="27.457" classname="Test Cases/Apply Leave" status="PASSED">
         <system-out><![CDATA[2021-08-19 21:34:14 - [TEST_CASE][PASSED] - Test Cases/Apply Leave: Test Cases/Apply Leave

2021-08-19 21:34:14 - [TEST_STEP][PASSED] - com.database.mysql.connectDB("localhost", "orangehrm_mysql", "3306", "root", null): com.database.mysql.connectDB is PASSED

2021-08-19 21:34:15 - [MESSAGE][PASSED] - com.database.mysql.connectDB is PASSED

2021-08-19 21:34:15 - [TEST_STEP][PASSED] - com.database.mysql.execute("DELETE FROM `ohrm_leave_request` WHERE `emp_number`=3 AND `date_applied`='2021-09-02' AND `leave_type_id` = 3"): com.database.mysql.execute is PASSED

2021-08-19 21:34:15 - [MESSAGE][PASSED] - com.database.mysql.execute is PASSED

2021-08-19 21:34:15 - [TEST_STEP][PASSED] - com.database.mysql.execute("DELETE FROM `ohrm_leave` WHERE `emp_number` = 3 AND `leave_type_id`=3 and (`date`='2021-09-02' or `date`='2021-09-03') "): com.database.mysql.execute is PASSED

2021-08-19 21:34:15 - [MESSAGE][PASSED] - com.database.mysql.execute is PASSED

2021-08-19 21:34:15 - [TEST_STEP][PASSED] - com.database.mysql.closeDatabaseConnection(): com.database.mysql.closeDatabaseConnection is PASSED

2021-08-19 21:34:15 - [MESSAGE][PASSED] - com.database.mysql.closeDatabaseConnection is PASSED

2021-08-19 21:34:15 - [TEST_STEP][PASSED] - navigateToUrl("http://localhost/orangehrm/symfony/web/index.php/dashboard"): Navigate to 'http://localhost/orangehrm/symfony/web/index.php/dashboard' successfully

2021-08-19 21:34:15 - [MESSAGE][PASSED] - Navigate to 'http://localhost/orangehrm/symfony/web/index.php/dashboard' successfully

2021-08-19 21:34:15 - [TEST_STEP][PASSED] - click(findTestObject("Object Repository/Apply Leave/Page_OrangeHRM/img")): Object: 'Object Repository/Apply Leave/Page_OrangeHRM/img' is clicked on

2021-08-19 21:34:16 - [MESSAGE][PASSED] - Object: 'Object Repository/Apply Leave/Page_OrangeHRM/img' is clicked on

2021-08-19 21:34:16 - [TEST_STEP][PASSED] - selectOptionByValue(findTestObject("Object Repository/Apply Leave/Page_OrangeHRM/select_--Select--MarriageMaternityPersonalS_480ad7"), "3", true): All options with value '3' are selected in object 'Object Repository/Apply Leave/Page_OrangeHRM/select_--Select--MarriageMaternityPersonalS_480ad7'  using regular expression

2021-08-19 21:34:17 - [MESSAGE][PASSED] - All options with value '3' are selected in object 'Object Repository/Apply Leave/Page_OrangeHRM/select_--Select--MarriageMaternityPersonalS_480ad7'  using regular expression

2021-08-19 21:34:17 - [TEST_STEP][PASSED] - setText(findTestObject("Object Repository/Apply Leave/Page_OrangeHRM/input__applyleavetxtFromDate"), from): Text '2021-09-02' is set on object 'Object Repository/Apply Leave/Page_OrangeHRM/input__applyleavetxtFromDate'

2021-08-19 21:34:19 - [MESSAGE][PASSED] - Text '2021-09-02' is set on object 'Object Repository/Apply Leave/Page_OrangeHRM/input__applyleavetxtFromDate'

2021-08-19 21:34:19 - [TEST_STEP][PASSED] - sendKeys(findTestObject("Object Repository/Apply Leave/Page_OrangeHRM/input__applyleavetxtFromDate"), Keys.chord(ENTER)): Keys 'ENTER + ' sent to object: 'Object Repository/Apply Leave/Page_OrangeHRM/input__applyleavetxtFromDate'

2021-08-19 21:34:19 - [MESSAGE][PASSED] - Keys 'ENTER + ' sent to object: 'Object Repository/Apply Leave/Page_OrangeHRM/input__applyleavetxtFromDate'

2021-08-19 21:34:19 - [TEST_STEP][PASSED] - setText(findTestObject("Object Repository/Apply Leave/Page_OrangeHRM/input__applyleavetxtToDate"), to): Text '2021-09-02' is set on object 'Object Repository/Apply Leave/Page_OrangeHRM/input__applyleavetxtToDate'

2021-08-19 21:34:21 - [MESSAGE][PASSED] - Text '2021-09-02' is set on object 'Object Repository/Apply Leave/Page_OrangeHRM/input__applyleavetxtToDate'

2021-08-19 21:34:21 - [TEST_STEP][PASSED] - sendKeys(findTestObject("Object Repository/Apply Leave/Page_OrangeHRM/input__applyleavetxtToDate"), Keys.chord(ENTER)): Keys 'ENTER + ' sent to object: 'Object Repository/Apply Leave/Page_OrangeHRM/input__applyleavetxtToDate'

2021-08-19 21:34:21 - [MESSAGE][PASSED] - Keys 'ENTER + ' sent to object: 'Object Repository/Apply Leave/Page_OrangeHRM/input__applyleavetxtToDate'

2021-08-19 21:34:21 - [TEST_STEP][PASSED] - if (from.equals(to)): All options with value '11:00' are selected in object 'Object Repository/Apply Leave/Page_OrangeHRM/select_000000150030004501000115013001450200_bef9c6_1'  using regular expression

2021-08-19 21:34:21 - [TEST_STEP][PASSED] - selectOptionByValue(findTestObject("Object Repository/Apply Leave/Page_OrangeHRM/select_Full DayHalf DaySpecify Time"), duration1, true): All options with value 'specify_time' are selected in object 'Object Repository/Apply Leave/Page_OrangeHRM/select_Full DayHalf DaySpecify Time'  using regular expression

2021-08-19 21:34:23 - [MESSAGE][PASSED] - All options with value 'specify_time' are selected in object 'Object Repository/Apply Leave/Page_OrangeHRM/select_Full DayHalf DaySpecify Time'  using regular expression

2021-08-19 21:34:23 - [TEST_STEP][PASSED] - if (duration1.equals("half_day")): null

2021-08-19 21:34:23 - [TEST_STEP][PASSED] - if (duration1.equals("specify_time")): All options with value '11:00' are selected in object 'Object Repository/Apply Leave/Page_OrangeHRM/select_000000150030004501000115013001450200_bef9c6_1'  using regular expression

2021-08-19 21:34:23 - [TEST_STEP][PASSED] - selectOptionByValue(findTestObject("Object Repository/Apply Leave/Page_OrangeHRM/select_000000150030004501000115013001450200_bef9c6"), duration2, true): All options with value '09:00' are selected in object 'Object Repository/Apply Leave/Page_OrangeHRM/select_000000150030004501000115013001450200_bef9c6'  using regular expression

2021-08-19 21:34:25 - [MESSAGE][PASSED] - All options with value '09:00' are selected in object 'Object Repository/Apply Leave/Page_OrangeHRM/select_000000150030004501000115013001450200_bef9c6'  using regular expression

2021-08-19 21:34:25 - [TEST_STEP][PASSED] - selectOptionByValue(findTestObject("Object Repository/Apply Leave/Page_OrangeHRM/select_000000150030004501000115013001450200_bef9c6_1"), duration3, true): All options with value '11:00' are selected in object 'Object Repository/Apply Leave/Page_OrangeHRM/select_000000150030004501000115013001450200_bef9c6_1'  using regular expression

2021-08-19 21:34:29 - [MESSAGE][PASSED] - All options with value '11:00' are selected in object 'Object Repository/Apply Leave/Page_OrangeHRM/select_000000150030004501000115013001450200_bef9c6_1'  using regular expression

2021-08-19 21:34:29 - [TEST_STEP][PASSED] - scrollToElement(findTestObject("Apply Leave/Page_OrangeHRM/input__applyBtn"), 0): Scroll to object 'Object Repository/Apply Leave/Page_OrangeHRM/input__applyBtn' successfully

2021-08-19 21:34:29 - [MESSAGE][WARNING] - Timeout '0' is invalid. Using default page load timeout: '30'

2021-08-19 21:34:29 - [MESSAGE][PASSED] - Scroll to object 'Object Repository/Apply Leave/Page_OrangeHRM/input__applyBtn' successfully

2021-08-19 21:34:29 - [TEST_STEP][PASSED] - takeScreenshot(): Taking screenshot successfully

2021-08-19 21:34:29 - [MESSAGE][PASSED] - Taking screenshot successfully
[[ATTACHMENT|C:\\Users\\nguye\\Katalon Studio\\OrangeHRM\\Reports\\20210819_213101\\Apply Leave\\20210819_213101\\1629383669664.png]]

2021-08-19 21:34:29 - [TEST_STEP][PASSED] - click(findTestObject("Object Repository/Apply Leave/Page_OrangeHRM/input__applyBtn")): Object: 'Object Repository/Apply Leave/Page_OrangeHRM/input__applyBtn' is clicked on

2021-08-19 21:34:30 - [MESSAGE][PASSED] - Object: 'Object Repository/Apply Leave/Page_OrangeHRM/input__applyBtn' is clicked on

2021-08-19 21:34:30 - [TEST_STEP][PASSED] - navigateToUrl("http://localhost/orangehrm/symfony/web/index.php/leave/viewMyLeaveList/reset/1"): Navigate to 'http://localhost/orangehrm/symfony/web/index.php/leave/viewMyLeaveList/reset/1' successfully

2021-08-19 21:34:31 - [MESSAGE][PASSED] - Navigate to 'http://localhost/orangehrm/symfony/web/index.php/leave/viewMyLeaveList/reset/1' successfully

2021-08-19 21:34:31 - [TEST_STEP][PASSED] - setText(findTestObject("Object Repository/Apply Leave/Page_OrangeHRM/input_From_leaveListcalFromDate"), from): Text '2021-09-02' is set on object 'Object Repository/Apply Leave/Page_OrangeHRM/input_From_leaveListcalFromDate'

2021-08-19 21:34:33 - [MESSAGE][PASSED] - Text '2021-09-02' is set on object 'Object Repository/Apply Leave/Page_OrangeHRM/input_From_leaveListcalFromDate'

2021-08-19 21:34:33 - [TEST_STEP][PASSED] - sendKeys(findTestObject("Object Repository/Apply Leave/Page_OrangeHRM/input_From_leaveListcalFromDate"), Keys.chord(ENTER)): Keys 'ENTER + ' sent to object: 'Object Repository/Apply Leave/Page_OrangeHRM/input_From_leaveListcalFromDate'

2021-08-19 21:34:33 - [MESSAGE][PASSED] - Keys 'ENTER + ' sent to object: 'Object Repository/Apply Leave/Page_OrangeHRM/input_From_leaveListcalFromDate'

2021-08-19 21:34:33 - [TEST_STEP][PASSED] - setText(findTestObject("Object Repository/Apply Leave/Page_OrangeHRM/input_To_leaveListcalToDate"), to): Text '2021-09-02' is set on object 'Object Repository/Apply Leave/Page_OrangeHRM/input_To_leaveListcalToDate'

2021-08-19 21:34:34 - [MESSAGE][PASSED] - Text '2021-09-02' is set on object 'Object Repository/Apply Leave/Page_OrangeHRM/input_To_leaveListcalToDate'

2021-08-19 21:34:34 - [TEST_STEP][PASSED] - sendKeys(findTestObject("Object Repository/Apply Leave/Page_OrangeHRM/input_To_leaveListcalToDate"), Keys.chord(ENTER)): Keys 'ENTER + ' sent to object: 'Object Repository/Apply Leave/Page_OrangeHRM/input_To_leaveListcalToDate'

2021-08-19 21:34:35 - [MESSAGE][PASSED] - Keys 'ENTER + ' sent to object: 'Object Repository/Apply Leave/Page_OrangeHRM/input_To_leaveListcalToDate'

2021-08-19 21:34:35 - [TEST_STEP][PASSED] - uncheck(findTestObject("Object Repository/Apply Leave/Page_OrangeHRM/input_All_leaveList_chkSearchFilter_checkbo_a698f3")): Object 'Object Repository/Apply Leave/Page_OrangeHRM/input_All_leaveList_chkSearchFilter_checkbo_a698f3' is un-checked

[...]

2021-08-19 22:01:05 - [TEST_STEP][PASSED] - selectOptionByValue(findTestObject("Object Repository/Apply Leave/Page_OrangeHRM/applyleave_secondDuration_time_from"), duration5, true): All options with value '03:00' are selected in object 'Object Repository/Apply Leave/Page_OrangeHRM/applyleave_secondDuration_time_from'  using regular expression

2021-08-19 22:01:08 - [MESSAGE][PASSED] - All options with value '03:00' are selected in object 'Object Repository/Apply Leave/Page_OrangeHRM/applyleave_secondDuration_time_from'  using regular expression

2021-08-19 22:01:08 - [TEST_STEP][PASSED] - selectOptionByValue(findTestObject("Object Repository/Apply Leave/Page_OrangeHRM/applyleave_secondDuration_time_to"), duration6, true): All options with value '05:00' are selected in object 'Object Repository/Apply Leave/Page_OrangeHRM/applyleave_secondDuration_time_to'  using regular expression

2021-08-19 22:01:12 - [MESSAGE][PASSED] - All options with value '05:00' are selected in object 'Object Repository/Apply Leave/Page_OrangeHRM/applyleave_secondDuration_time_to'  using regular expression

2021-08-19 22:01:12 - [TEST_STEP][PASSED] - scrollToElement(findTestObject("Apply Leave/Page_OrangeHRM/input__applyBtn"), 0): Scroll to object 'Object Repository/Apply Leave/Page_OrangeHRM/input__applyBtn' successfully

2021-08-19 22:01:12 - [MESSAGE][WARNING] - Timeout '0' is invalid. Using default page load timeout: '30'

2021-08-19 22:01:12 - [MESSAGE][PASSED] - Scroll to object 'Object Repository/Apply Leave/Page_OrangeHRM/input__applyBtn' successfully

2021-08-19 22:01:12 - [TEST_STEP][PASSED] - takeScreenshot(): Taking screenshot successfully

2021-08-19 22:01:13 - [MESSAGE][PASSED] - Taking screenshot successfully
[[ATTACHMENT|C:\\Users\\nguye\\Katalon Studio\\OrangeHRM\\Reports\\20210819_213101\\Apply Leave\\20210819_213101\\1629385273035.png]]

2021-08-19 22:01:13 - [TEST_STEP][PASSED] - click(findTestObject("Object Repository/Apply Leave/Page_OrangeHRM/input__applyBtn")): Object: 'Object Repository/Apply Leave/Page_OrangeHRM/input__applyBtn' is clicked on

2021-08-19 22:01:15 - [MESSAGE][PASSED] - Object: 'Object Repository/Apply Leave/Page_OrangeHRM/input__applyBtn' is clicked on

2021-08-19 22:01:15 - [TEST_STEP][PASSED] - navigateToUrl("http://localhost/orangehrm/symfony/web/index.php/leave/viewMyLeaveList/reset/1"): Navigate to 'http://localhost/orangehrm/symfony/web/index.php/leave/viewMyLeaveList/reset/1' successfully

2021-08-19 22:01:17 - [MESSAGE][PASSED] - Navigate to 'http://localhost/orangehrm/symfony/web/index.php/leave/viewMyLeaveList/reset/1' successfully

2021-08-19 22:01:17 - [TEST_STEP][PASSED] - setText(findTestObject("Object Repository/Apply Leave/Page_OrangeHRM/input_From_leaveListcalFromDate"), from): Text '2021-09-02' is set on object 'Object Repository/Apply Leave/Page_OrangeHRM/input_From_leaveListcalFromDate'

2021-08-19 22:01:19 - [MESSAGE][PASSED] - Text '2021-09-02' is set on object 'Object Repository/Apply Leave/Page_OrangeHRM/input_From_leaveListcalFromDate'

2021-08-19 22:01:19 - [TEST_STEP][PASSED] - sendKeys(findTestObject("Object Repository/Apply Leave/Page_OrangeHRM/input_From_leaveListcalFromDate"), Keys.chord(ENTER)): Keys 'ENTER + ' sent to object: 'Object Repository/Apply Leave/Page_OrangeHRM/input_From_leaveListcalFromDate'

2021-08-19 22:01:19 - [MESSAGE][PASSED] - Keys 'ENTER + ' sent to object: 'Object Repository/Apply Leave/Page_OrangeHRM/input_From_leaveListcalFromDate'

2021-08-19 22:01:19 - [TEST_STEP][PASSED] - setText(findTestObject("Object Repository/Apply Leave/Page_OrangeHRM/input_To_leaveListcalToDate"), to): Text '2021-09-03' is set on object 'Object Repository/Apply Leave/Page_OrangeHRM/input_To_leaveListcalToDate'

2021-08-19 22:01:21 - [MESSAGE][PASSED] - Text '2021-09-03' is set on object 'Object Repository/Apply Leave/Page_OrangeHRM/input_To_leaveListcalToDate'

2021-08-19 22:01:21 - [TEST_STEP][PASSED] - sendKeys(findTestObject("Object Repository/Apply Leave/Page_OrangeHRM/input_To_leaveListcalToDate"), Keys.chord(ENTER)): Keys 'ENTER + ' sent to object: 'Object Repository/Apply Leave/Page_OrangeHRM/input_To_leaveListcalToDate'

2021-08-19 22:01:21 - [MESSAGE][PASSED] - Keys 'ENTER + ' sent to object: 'Object Repository/Apply Leave/Page_OrangeHRM/input_To_leaveListcalToDate'

2021-08-19 22:01:21 - [TEST_STEP][PASSED] - uncheck(findTestObject("Object Repository/Apply Leave/Page_OrangeHRM/input_All_leaveList_chkSearchFilter_checkbo_a698f3")): Object 'Object Repository/Apply Leave/Page_OrangeHRM/input_All_leaveList_chkSearchFilter_checkbo_a698f3' is un-checked

2021-08-19 22:01:22 - [MESSAGE][PASSED] - Object 'Object Repository/Apply Leave/Page_OrangeHRM/input_All_leaveList_chkSearchFilter_checkbo_a698f3' is un-checked

2021-08-19 22:01:22 - [TEST_STEP][PASSED] - check(findTestObject("Object Repository/Apply Leave/Page_OrangeHRM/input_Pending Approval_leaveListchkSearchFilter")): Object 'Object Repository/Apply Leave/Page_OrangeHRM/input_Pending Approval_leaveListchkSearchFilter' is checked

2021-08-19 22:01:22 - [MESSAGE][PASSED] - Object 'Object Repository/Apply Leave/Page_OrangeHRM/input_Pending Approval_leaveListchkSearchFilter' is checked

2021-08-19 22:01:22 - [TEST_STEP][PASSED] - click(findTestObject("Object Repository/Apply Leave/Page_OrangeHRM/input_Taken_btnSearch")): Object: 'Object Repository/Apply Leave/Page_OrangeHRM/input_Taken_btnSearch' is clicked on

2021-08-19 22:01:24 - [MESSAGE][PASSED] - Object: 'Object Repository/Apply Leave/Page_OrangeHRM/input_Taken_btnSearch' is clicked on

2021-08-19 22:01:24 - [TEST_STEP][PASSED] - scrollToElement(findTestObject("Apply Leave/Page_OrangeHRM/th_Date"), 0): Scroll to object 'Object Repository/Apply Leave/Page_OrangeHRM/th_Date' successfully

2021-08-19 22:01:24 - [MESSAGE][WARNING] - Timeout '0' is invalid. Using default page load timeout: '30'

2021-08-19 22:01:25 - [MESSAGE][PASSED] - Scroll to object 'Object Repository/Apply Leave/Page_OrangeHRM/th_Date' successfully

2021-08-19 22:01:25 - [TEST_STEP][PASSED] - takeScreenshot(): Taking screenshot successfully

2021-08-19 22:01:26 - [MESSAGE][PASSED] - Taking screenshot successfully
[[ATTACHMENT|C:\\Users\\nguye\\Katalon Studio\\OrangeHRM\\Reports\\20210819_213101\\Apply Leave\\20210819_213101\\1629385286142.png]]

2021-08-19 22:01:26 - [TEST_STEP][FAILED] - if (days.equals("")): Unable to verify match between actual text '2021-09-02 to 2021-09-03' and expected text 'No Records Found' (Root cause: com.kms.katalon.core.exception.StepFailedException: Actual text '2021-09-02 to 2021-09-03' and expected text 'No Records Found' are not matched
	at com.kms.katalon.core.keyword.builtin.VerifyMatchKeyword$_verifyMatch_closure1.doCall(VerifyMatchKeyword.groovy:57)
	at com.kms.katalon.core.keyword.builtin.VerifyMatchKeyword$_verifyMatch_closure1.call(VerifyMatchKeyword.groovy)
	at com.kms.katalon.core.keyword.internal.KeywordMain.runKeyword(KeywordMain.groovy:74)
	at com.kms.katalon.core.keyword.builtin.VerifyMatchKeyword.verifyMatch(VerifyMatchKeyword.groovy:60)
	at com.kms.katalon.core.keyword.builtin.VerifyMatchKeyword.execute(VerifyMatchKeyword.groovy:45)
	at com.kms.katalon.core.keyword.internal.KeywordExecutor.executeKeywordForPlatform(KeywordExecutor.groovy:74)
	at com.kms.katalon.core.keyword.BuiltinKeywords.verifyMatch(BuiltinKeywords.groovy:55)
	at Apply Leave.run(Apply Leave:180)
	at com.kms.katalon.core.main.ScriptEngine.run(ScriptEngine.java:194)
	at com.kms.katalon.core.main.ScriptEngine.runScriptAsRawText(ScriptEngine.java:119)
	at com.kms.katalon.core.main.TestCaseExecutor.runScript(TestCaseExecutor.java:430)
	at com.kms.katalon.core.main.TestCaseExecutor.doExecute(TestCaseExecutor.java:421)
	at com.kms.katalon.core.main.TestCaseExecutor.processExecutionPhase(TestCaseExecutor.java:400)
	at com.kms.katalon.core.main.TestCaseExecutor.accessMainPhase(TestCaseExecutor.java:392)
	at com.kms.katalon.core.main.TestCaseExecutor.execute(TestCaseExecutor.java:273)
	at com.kms.katalon.core.main.TestSuiteExecutor.accessTestCaseMainPhase(TestSuiteExecutor.java:202)
	at com.kms.katalon.core.main.TestSuiteExecutor.accessTestSuiteMainPhase(TestSuiteExecutor.java:164)
	at com.kms.katalon.core.main.TestSuiteExecutor.execute(TestSuiteExecutor.java:105)
	at com.kms.katalon.core.main.TestCaseMain.startTestSuite(TestCaseMain.java:185)
	at com.kms.katalon.core.main.TestCaseMain$startTestSuite$0.call(Unknown Source)
	at TempTestSuite1629383461522.run(TempTestSuite1629383461522.groovy:36)
)

2021-08-19 22:01:26 - [TEST_STEP][FAILED] - verifyMatch(getText(findTestObject("Object Repository/Apply Leave/Page_OrangeHRM/td_No Records Found")), "No Records Found", false, STOP_ON_FAILURE): Unable to verify match between actual text '2021-09-02 to 2021-09-03' and expected text 'No Records Found' (Root cause: com.kms.katalon.core.exception.StepFailedException: Actual text '2021-09-02 to 2021-09-03' and expected text 'No Records Found' are not matched
	at com.kms.katalon.core.keyword.builtin.VerifyMatchKeyword$_verifyMatch_closure1.doCall(VerifyMatchKeyword.groovy:57)
	at com.kms.katalon.core.keyword.builtin.VerifyMatchKeyword$_verifyMatch_closure1.call(VerifyMatchKeyword.groovy)
	at com.kms.katalon.core.keyword.internal.KeywordMain.runKeyword(KeywordMain.groovy:74)
	at com.kms.katalon.core.keyword.builtin.VerifyMatchKeyword.verifyMatch(VerifyMatchKeyword.groovy:60)
	at com.kms.katalon.core.keyword.builtin.VerifyMatchKeyword.execute(VerifyMatchKeyword.groovy:45)
	at com.kms.katalon.core.keyword.internal.KeywordExecutor.executeKeywordForPlatform(KeywordExecutor.groovy:74)
	at com.kms.katalon.core.keyword.BuiltinKeywords.verifyMatch(BuiltinKeywords.groovy:55)
	at Apply Leave.run(Apply Leave:180)
	at com.kms.katalon.core.main.ScriptEngine.run(ScriptEngine.java:194)
	at com.kms.katalon.core.main.ScriptEngine.runScriptAsRawText(ScriptEngine.java:119)
	at com.kms.katalon.core.main.TestCaseExecutor.runScript(TestCaseExecutor.java:430)
	at com.kms.katalon.core.main.TestCaseExecutor.doExecute(TestCaseExecutor.java:421)
	at com.kms.katalon.core.main.TestCaseExecutor.processExecutionPhase(TestCaseExecutor.java:400)
	at com.kms.katalon.core.main.TestCaseExecutor.accessMainPhase(TestCaseExecutor.java:392)
	at com.kms.katalon.core.main.TestCaseExecutor.execute(TestCaseExecutor.java:273)
	at com.kms.katalon.core.main.TestSuiteExecutor.accessTestCaseMainPhase(TestSuiteExecutor.java:202)
	at com.kms.katalon.core.main.TestSuiteExecutor.accessTestSuiteMainPhase(TestSuiteExecutor.java:164)
	at com.kms.katalon.core.main.TestSuiteExecutor.execute(TestSuiteExecutor.java:105)
	at com.kms.katalon.core.main.TestCaseMain.startTestSuite(TestCaseMain.java:185)
	at com.kms.katalon.core.main.TestCaseMain$startTestSuite$0.call(Unknown Source)
	at TempTestSuite1629383461522.run(TempTestSuite1629383461522.groovy:36)
)

2021-08-19 22:01:26 - [MESSAGE][PASSED] - Text of object 'Object Repository/Apply Leave/Page_OrangeHRM/td_No Records Found' is: '2021-09-02 to 2021-09-03'

2021-08-19 22:01:26 - [MESSAGE][FAILED] - Unable to verify match between actual text '2021-09-02 to 2021-09-03' and expected text 'No Records Found' (Root cause: com.kms.katalon.core.exception.StepFailedException: Actual text '2021-09-02 to 2021-09-03' and expected text 'No Records Found' are not matched
	at com.kms.katalon.core.keyword.builtin.VerifyMatchKeyword$_verifyMatch_closure1.doCall(VerifyMatchKeyword.groovy:57)
	at com.kms.katalon.core.keyword.builtin.VerifyMatchKeyword$_verifyMatch_closure1.call(VerifyMatchKeyword.groovy)
	at com.kms.katalon.core.keyword.internal.KeywordMain.runKeyword(KeywordMain.groovy:74)
	at com.kms.katalon.core.keyword.builtin.VerifyMatchKeyword.verifyMatch(VerifyMatchKeyword.groovy:60)
	at com.kms.katalon.core.keyword.builtin.VerifyMatchKeyword.execute(VerifyMatchKeyword.groovy:45)
	at com.kms.katalon.core.keyword.internal.KeywordExecutor.executeKeywordForPlatform(KeywordExecutor.groovy:74)
	at com.kms.katalon.core.keyword.BuiltinKeywords.verifyMatch(BuiltinKeywords.groovy:55)
	at Apply Leave.run(Apply Leave:180)
	at com.kms.katalon.core.main.ScriptEngine.run(ScriptEngine.java:194)
	at com.kms.katalon.core.main.ScriptEngine.runScriptAsRawText(ScriptEngine.java:119)
	at com.kms.katalon.core.main.TestCaseExecutor.runScript(TestCaseExecutor.java:430)
	at com.kms.katalon.core.main.TestCaseExecutor.doExecute(TestCaseExecutor.java:421)
	at com.kms.katalon.core.main.TestCaseExecutor.processExecutionPhase(TestCaseExecutor.java:400)
	at com.kms.katalon.core.main.TestCaseExecutor.accessMainPhase(TestCaseExecutor.java:392)
	at com.kms.katalon.core.main.TestCaseExecutor.execute(TestCaseExecutor.java:273)
	at com.kms.katalon.core.main.TestSuiteExecutor.accessTestCaseMainPhase(TestSuiteExecutor.java:202)
	at com.kms.katalon.core.main.TestSuiteExecutor.accessTestSuiteMainPhase(TestSuiteExecutor.java:164)
	at com.kms.katalon.core.main.TestSuiteExecutor.execute(TestSuiteExecutor.java:105)
	at com.kms.katalon.core.main.TestCaseMain.startTestSuite(TestCaseMain.java:185)
	at com.kms.katalon.core.main.TestCaseMain$startTestSuite$0.call(Unknown Source)
	at TempTestSuite1629383461522.run(TempTestSuite1629383461522.groovy:36)
)

2021-08-19 22:01:29 - [TEST_STEP][PASSED] - Video: Video recording for test case 'Test Cases/Apply Leave' .

2021-08-19 22:01:29 - [MESSAGE][INFO] - Video recording for test case 'Test Cases/Apply Leave' .]]></system-out>
         <system-err><![CDATA[2021-08-19 22:00:50 - [TEST_CASE][FAILED] - Test Cases/Apply Leave: Test Cases/Apply Leave FAILED.
Reason:
com.kms.katalon.core.exception.StepFailedException: Actual text '2021-09-02 to 2021-09-03' and expected text 'No Records Found' are not matched
	at com.kms.katalon.core.keyword.builtin.VerifyMatchKeyword$_verifyMatch_closure1.doCall(VerifyMatchKeyword.groovy:57)
	at com.kms.katalon.core.keyword.builtin.VerifyMatchKeyword$_verifyMatch_closure1.call(VerifyMatchKeyword.groovy)
	at com.kms.katalon.core.keyword.internal.KeywordMain.runKeyword(KeywordMain.groovy:74)
	at com.kms.katalon.core.keyword.builtin.VerifyMatchKeyword.verifyMatch(VerifyMatchKeyword.groovy:60)
	at com.kms.katalon.core.keyword.builtin.VerifyMatchKeyword.execute(VerifyMatchKeyword.groovy:45)
	at com.kms.katalon.core.keyword.internal.KeywordExecutor.executeKeywordForPlatform(KeywordExecutor.groovy:74)
	at com.kms.katalon.core.keyword.BuiltinKeywords.verifyMatch(BuiltinKeywords.groovy:55)
	at Apply Leave.run(Apply Leave:180)
	at com.kms.katalon.core.main.ScriptEngine.run(ScriptEngine.java:194)
	at com.kms.katalon.core.main.ScriptEngine.runScriptAsRawText(ScriptEngine.java:119)
	at com.kms.katalon.core.main.TestCaseExecutor.runScript(TestCaseExecutor.java:430)
	at com.kms.katalon.core.main.TestCaseExecutor.doExecute(TestCaseExecutor.java:421)
	at com.kms.katalon.core.main.TestCaseExecutor.processExecutionPhase(TestCaseExecutor.java:400)
	at com.kms.katalon.core.main.TestCaseExecutor.accessMainPhase(TestCaseExecutor.java:392)
	at com.kms.katalon.core.main.TestCaseExecutor.execute(TestCaseExecutor.java:273)
	at com.kms.katalon.core.main.TestSuiteExecutor.accessTestCaseMainPhase(TestSuiteExecutor.java:202)
	at com.kms.katalon.core.main.TestSuiteExecutor.accessTestSuiteMainPhase(TestSuiteExecutor.java:164)
	at com.kms.katalon.core.main.TestSuiteExecutor.execute(TestSuiteExecutor.java:105)
	at com.kms.katalon.core.main.TestCaseMain.startTestSuite(TestCaseMain.java:185)
	at com.kms.katalon.core.main.TestCaseMain$startTestSuite$0.call(Unknown Source)
	at TempTestSuite1629383461522.run(TempTestSuite1629383461522.groovy:36)]]></system-err>
      </testcase>
      <system-out><![CDATA[2021-08-19 21:32:08 - [TEST_SUITE][FAILED] - Apply Leave: Test Cases/Apply Leave FAILED.
Reason:
com.kms.katalon.core.exception.StepFailedException: Actual text '2021-09-02 (03:00 - 05:00)' and expected text 'No Records Found' are not matched
	at com.kms.katalon.core.keyword.builtin.VerifyMatchKeyword$_verifyMatch_closure1.doCall(VerifyMatchKeyword.groovy:57)
	at com.kms.katalon.core.keyword.builtin.VerifyMatchKeyword$_verifyMatch_closure1.call(VerifyMatchKeyword.groovy)
	at com.kms.katalon.core.keyword.internal.KeywordMain.runKeyword(KeywordMain.groovy:74)
	at com.kms.katalon.core.keyword.builtin.VerifyMatchKeyword.verifyMatch(VerifyMatchKeyword.groovy:60)
	at com.kms.katalon.core.keyword.builtin.VerifyMatchKeyword.execute(VerifyMatchKeyword.groovy:45)
	at com.kms.katalon.core.keyword.internal.KeywordExecutor.executeKeywordForPlatform(KeywordExecutor.groovy:74)
	at com.kms.katalon.core.keyword.BuiltinKeywords.verifyMatch(BuiltinKeywords.groovy:55)
	at Apply Leave.run(Apply Leave:180)
	at com.kms.katalon.core.main.ScriptEngine.run(ScriptEngine.java:194)
	at com.kms.katalon.core.main.ScriptEngine.runScriptAsRawText(ScriptEngine.java:119)
	at com.kms.katalon.core.main.TestCaseExecutor.runScript(TestCaseExecutor.java:430)
	at com.kms.katalon.core.main.TestCaseExecutor.doExecute(TestCaseExecutor.java:421)
	at com.kms.katalon.core.main.TestCaseExecutor.processExecutionPhase(TestCaseExecutor.java:400)
	at com.kms.katalon.core.main.TestCaseExecutor.accessMainPhase(TestCaseExecutor.java:392)
	at com.kms.katalon.core.main.TestCaseExecutor.execute(TestCaseExecutor.java:273)
	at com.kms.katalon.core.main.TestSuiteExecutor.accessTestCaseMainPhase(TestSuiteExecutor.java:202)
	at com.kms.katalon.core.main.TestSuiteExecutor.accessTestSuiteMainPhase(TestSuiteExecutor.java:164)
	at com.kms.katalon.core.main.TestSuiteExecutor.execute(TestSuiteExecutor.java:105)
	at com.kms.katalon.core.main.TestCaseMain.startTestSuite(TestCaseMain.java:185)
	at com.kms.katalon.core.main.TestCaseMain$startTestSuite$0.call(Unknown Source)
	at TempTestSuite1629383461522.run(TempTestSuite1629383461522.groovy:36)]]></system-out>
      <system-err><![CDATA[2021-08-19 21:32:08 - [TEST_SUITE][FAILED] - Apply Leave: Test Cases/Apply Leave FAILED.
Reason:
com.kms.katalon.core.exception.StepFailedException: Actual text '2021-09-02 (03:00 - 05:00)' and expected text 'No Records Found' are not matched
	at com.kms.katalon.core.keyword.builtin.VerifyMatchKeyword$_verifyMatch_closure1.doCall(VerifyMatchKeyword.groovy:57)
	at com.kms.katalon.core.keyword.builtin.VerifyMatchKeyword$_verifyMatch_closure1.call(VerifyMatchKeyword.groovy)
	at com.kms.katalon.core.keyword.internal.KeywordMain.runKeyword(KeywordMain.groovy:74)
	at com.kms.katalon.core.keyword.builtin.VerifyMatchKeyword.verifyMatch(VerifyMatchKeyword.groovy:60)
	at com.kms.katalon.core.keyword.builtin.VerifyMatchKeyword.execute(VerifyMatchKeyword.groovy:45)
	at com.kms.katalon.core.keyword.internal.KeywordExecutor.executeKeywordForPlatform(KeywordExecutor.groovy:74)
	at com.kms.katalon.core.keyword.BuiltinKeywords.verifyMatch(BuiltinKeywords.groovy:55)
	at Apply Leave.run(Apply Leave:180)
	at com.kms.katalon.core.main.ScriptEngine.run(ScriptEngine.java:194)
	at com.kms.katalon.core.main.ScriptEngine.runScriptAsRawText(ScriptEngine.java:119)
	at com.kms.katalon.core.main.TestCaseExecutor.runScript(TestCaseExecutor.java:430)
	at com.kms.katalon.core.main.TestCaseExecutor.doExecute(TestCaseExecutor.java:421)
	at com.kms.katalon.core.main.TestCaseExecutor.processExecutionPhase(TestCaseExecutor.java:400)
	at com.kms.katalon.core.main.TestCaseExecutor.accessMainPhase(TestCaseExecutor.java:392)
	at com.kms.katalon.core.main.TestCaseExecutor.execute(TestCaseExecutor.java:273)
	at com.kms.katalon.core.main.TestSuiteExecutor.accessTestCaseMainPhase(TestSuiteExecutor.java:202)
	at com.kms.katalon.core.main.TestSuiteExecutor.accessTestSuiteMainPhase(TestSuiteExecutor.java:164)
	at com.kms.katalon.core.main.TestSuiteExecutor.execute(TestSuiteExecutor.java:105)
	at com.kms.katalon.core.main.TestCaseMain.startTestSuite(TestCaseMain.java:185)
	at com.kms.katalon.core.main.TestCaseMain$startTestSuite$0.call(Unknown Source)
	at TempTestSuite1629383461522.run(TempTestSuite1629383461522.groovy:36)]]></system-err>
   </testsuite>
</testsuites>
